[    0.000000] Initializing cgroup subsys cpuset
[    0.000000] Initializing cgroup subsys cpu
[    0.000000] Initializing cgroup subsys cpuacct
[    0.000000] Linux version 4.4.0-154-generic (buildd@lgw01-amd64-049) (gcc version 5.4.0 20160609 (Ubuntu 5.4.0-6ubuntu1~16.04.10) ) #181-Ubuntu SMP Tue Jun 25 05:29:03 UTC 2019 (Ubuntu 4.4.0-154.181-generic 4.4.179)
[    0.000000] Command line: BOOT_IMAGE=/boot/vmlinuz-4.4.0-154-generic root=LABEL=cloudimg-rootfs ro console=tty1 console=ttyS0
[    0.000000] KERNEL supported cpus:
[    0.000000]   Intel GenuineIntel
[    0.000000]   AMD AuthenticAMD
[    0.000000]   Centaur CentaurHauls
[    0.000000] x86/fpu: Legacy x87 FPU detected.
[    0.000000] e820: BIOS-provided physical RAM map:
[    0.00000] BIOS-e820: [mem 0x0000000000000000-0x000000000009fbff] usable
[    0.000000] BIOS-e820: [mem 0x000000000009fc00-000000000009ffff reserved
[    0.000000] BIOS-e820: [mem 0x00000000000f0000-0x00000000000fffff] reserved
[    0.000000] BIOS-e820: [mem 0x0000000000100000-0x000000003ffeffff] usable
[    0.000000] BIOS-e820: [mem 0x000000003fff0000-0x000000003fffffff] ACPI data
[    0.000000] BIOS-e820: [mem 0x00000000fec00000-0x00000000fec00fff] reserved
[    0.000000] BIOS-e820: [mem 0x00000000fee00000-0x00000000fee00fff] reserved
[    0.000000] BIOS-e820: [mem 0x00000000fffc0000-0x00000000ffffffff] reserved
[    0.000000] NX (Execute Disable) protection: active
[    0.000000] SMBIOS 2.5 present.
[    0.000000] Hypervisor detected: KVM
[    0.000000] e820: last_pfn = 0x3fff0 max_arch_pfn = 0x400000000
[    0.000000] MTRR: Disabled
[    0.000000] x86/PAT: MTRRs disabled, skipping PAT initialization too.
[    0.000000] CPU MTRRs all blank - virtualized system.
[    0.000000] x86/PAT: Configuration [0-7]: WB  WT  UC- UC  WB  WT  UC- UC  
[    0.000000] found SMP MP-table at [mem 0x0009fff0-0x0009ffff] mapped at [ffff88000009fff0]
[    0.000000] Scanning 1 areas for low memory corruption
[    0.000000] RAMDISK: [mem0x362fa000-0x37174fff]
[    0.000000] ACPI: Early table checksum verification disabled
[    0.000000] ACPI: RSDP 0x00000000000E0000 000024 (v02 VBOX  )
[    0.000000] ACPI: XSDT 0x000000003FFF0030 00003C (v01 VBOX   VBOXXSDT 00000001 ASL  00000061)
[    0.000000] ACPI: FACP 0x000000003FFF00F0 0000F4 (v04 VBOX   VBOXFACP 00000001 ASL  00000061)
[    0.000000] ACPI: DSDT 0x000000003FFF0470 0021FF (v02 VBOX   VBOXBIOS 00000002 INTL 20180105)
[    0.000000] ACPI: FACS 0x000000003FFF0200 000040
[    0.000000] ACPI: FACS 0x000000003FFF0200 000040
[    0.000000] ACPI: APIC 0x000000003FFF0240 00005C (v02 VBOX   VBOXAPIC 00000001 ASL  00000061)
[    0.000000] ACPI: SSDT 0x000000003FFF02A0 0001CC (v01 VBOX   VBOXCPUT 00000002 INTL 20180105)
[    0.000000] No NUMA configuration found
[    0.000000] Faking a node at [mem 0x0000000000000000-0x000000003ffeffff]
[    0.000000] NODE_DATA(0) allocated [mem 0x3ffeb000-0x3ffeffff]
[    0.000000] kvm-clock: Using msrs 4b564d01 and 4b564d00
[    0.000000] kvm-clock: cpu 0, msr 0:3ffe3001, primary cpu clock
[    0.000000] kvm-clock: using sched offset of 4903731850 cycles
[    0.000000] clocksource: kvm-clock: mask: 0xffffffffffffffff max_cycles: 0x1cd42e4dffb, max_idle_ns: 881590591483 ns
[    0.000000] Zone ranges:
[    0.000000]   DMA      [mem 0x0000000000001000-0x0000000000ffffff]
[    0.000000]   DMA32    [mem 0x0000000001000000-0x000000003ffeffff]
[    0.000000]   Normal   empty
[    0.000000]   Device   empty
[    0.000000] Movable zone start for each node
[    0.000000] Early memory node ranges
[    0.000000]   node   0: [mem 0x0000000000001000-0x000000000009efff]
[    0.000000]   node   0: [mem 0x0000000000100000-0x000000003ffeffff]
[    0.000000] Initmem setup node 0 [mem 0x0000000000001000-0x000000003ffeffff]
[    0.000000] ACPI: PM-Timer IO Port: 0x4008
[    0.000000] IOAPIC[0]: apic_id 2, version 32, address 0xfec00000, GSI 0-23
[    0.000000] ACPI: INT_SRC_OVR (bus 0 bus_irq 0 global_irq 2 dfl dfl)
[    0.000000] ACPI: INT_SRC_OVR (bus 0 bus_irq 9 global_irq 9 low level)
[    0.000000] sing ACPI (MADT) for SMP configuration information
[    0.000000] smpboot: Allowing 2 CPUs, 0 hotplug CPUs
[    0.000000] PM: Registered nosave memory: [mem 0x00000000-0x00000fff]
[    0.000000] PM: Registered nosave memory: [mem x0009f000-0x0009ffff]
[    0.000000] PM: Registered nosave memory: [mem 0x000a0000-0x000effff]
[    0.000000] PM: Registered nosave memory: [mem 0x000f0000-0x000fffff]
[    0.000000] e820: [mem 0x40000000-0xfebfffff] available for PCI devices
[    0.000000] Booting paravirtualized kernel on KVM
[    0.000000] clocksource: refined-jiffies: mask: 0xffffffff max_cycles: 0xffffffff, max_idle_ns: 7645519600211568 ns
[    0.000000] setup_percpu: NR_CPUS:512 nr_cpumask_bits:512 nr_cpu_ids:2 nr_node_ids:1
[    0.000000] PERCPU: Embedded 34 pages/cpu @ffff88003fc00000 s99480 r8192 d31592 u1048576
[    0.000000] Built 1 zonelists in Node order, mobility grouping on.  Total pages: 257912
[    0.000000] Policy zone: DMA32
[    0.000000] Kernel command line: BOOT_IMAGE=/boot/vmlinuz-4.4.0-154-generic root=LABEL=cloudimg-rootfs ro console=tty1 console=ttyS0
[    0.000000] PID hash table entries: 4096 (order: 3, 32768 bytes)
[    0.000000] Memory: 997732K/1048120K available (8613K kernel code, 1335K rwdata, 4028K rodata, 1484K init, 1284K bss, 50388K reserved, 0K cma-reserved)
[    0.000000] SLUB: HWalign=64, Order=0-3, MinObjects=0, CPUs=2, Nodes=1
[    0.000000] Kernel/User page tables isolation: enabled
[    0.000000] Hierarchical RCU implementation.
[    0.000000] 	Build-time adjustment of leaf fanout to 64.
[    0.000000] 	RCU restricting CPUs from NR_CPUS=512 to nr_cpu_ids=2.
[    0.000000] RCU: Adjusting geometry for rcu_fanout_leaf=64, nr_cpu_ids=2
[    0.000000] NR_IRQS:33024 nr_irqs:440 16
[    0.000000] Console: colour VGA+ 80x25
[    0.000000] console [tty1] enabled
[    0.000000] console [ttyS0] enabled
[    0.000000] tsc: Detected 2992.498 MHz processor
[    1.065425] Calibrating delay loop (skipped) preset value.. 5984.99 BogoMIPS (lpj=11969992)
[    1.104346] pid_max: default: 32768 minimum: 301
[    1.187652] ACPI: Core revision 20150930
[    1.190311] ACPI: 2 ACPI AML tables successfully acquired and loaded
[    1.192491] Security Framework initialized
[    1.193917] Yama: becoming mindful.
[    1.195300] AppArmor: AppArmor initialized
[    1.196877] Dentry cache hash table entries: 131072 (order: 8, 1048576 bytes)
[    1.199480] Inode-cache hash table entries: 65536 (order: 7, 524288 bytes)
[    1.332518] Mount-cache hash table entries: 2048 (order: 2, 16384 bytes)
[    1.334483] Mountpoint-cache hash table entries: 2048 (order: 2, 16384 bytes)
[    1.337345] Initializing cgroup subsys io
[    1.338757] Initializing cgroup subsys memory
[    1.364198] Initializing cgroup subsys devices
[    1.365687] Initializing cgroup subsys freezer
[    1.367185] Initializing cgroup subsys net_cls
[    1.447789] Initializing cgroup subsys perf_event
[    1.449336] Initializing cgroup subsys net_prio
[    1.450853] Initializing cgroup subsys hugetlb
[    1.544100] Initializing cgroup subsys pids
[    1.545639] mce: CPU supports 0 MCE banks
[    1.547096] Last level iTLB entries: 4KB 128, 2MB 4, 4MB 4
[    1.631838] Last level dTLB entries: 4KB 256, 2MB 0, 4MB 32, 1GB 0
[    1.743661] Spectre V2 : Mitigation: Full generic retpoline
[    1.745381] Spectre V2 : Spectre v2 / SpectreRSB mitigation: Filling RSB on context switch
[    1.748156] Speculative Store Bypass: Vulnerable
[    1.760238] MDS: Vulnerable: Clear CPU buffers attempted, no microcode
[    1.765803] Freeing SMP alternatives memory: 36K
[    1.788232] ftrace: allocating 32299 entries in 127 pages
[    1.925684] smpboot: APIC(0) Converting physical 0 to logical package 0
[    2.052893] smpboot: Max logical packages: 1
[    2.136720] x2apic enabled
[    2.138385] Switched APIC routing to physical x2apic.
[    2.142409] ..TIMER: vector=0x30 apic1=0 pin1=2 apic2=-1 pin2=-1
[    2.250888] smpboot: CPU0: Intel(R) Core(TM)2 Duo CPU     E8400  @ 3.00GHz (family: 0x6, model: 0x17, stepping: 0xa)
[    2.275603] Performance Events: unsupported p6 CPU model 23 no PMU driver, software events only.
[    2.398972] KVM setup paravirtual spinlock
[    2.402004] x86: Booting SMP configuration:
[    2.403447] .... node  #0, CPUs:      #1
     2.404779] kvm-clock: cpu 1, msr 0:3ffe3041, secondary cpu clock
[    2.426021] mce: CPU supports 0 MCE banks
[    2.429195] x86: Booted up 1 node, 2 CPUs
[    2.431090] smpboot: Total of 2 processors activated (11969.99 BogoMIPS)
[    2.433671] devtmpfs: initialized
[    2.437720] evm: security.selinux
[    2.438977] evm: security.SMACK64
[    2.440227] evm: security.SMACK64EXEC
[    2.441545] evm: security.SMACK64TRANSMUTE
[    2.442972] evm: security.SMACK64MMAP
[    2.444292] evm: security.ima
[    2.445468] evm: security.capability
[    2.446967] clocksource: jiffies: mask: 0xffffffff max_cycles: 0xffffffff, max_idle_ns: 7645041785100000 ns
[    2.451408] futex hash table entries: 512 (order: 3, 32768 bytes)
[    2.453437] pinctrl core: initialized pinctrl subsystem
[    2.455283] RTC time: 16:51:38, date: 08/22/19
[    2.457171] NET: Registered protocol family 16
[    2.471090] cpuidle: using governor ladder
[    2.487185] cpuidle: using governor menu
[    2.488604] PCCT header not found.
[    2.489911] ACPI: bus type PCI registered
[    2.491321] acpiphp: ACPI Hot Plug PCI Controller Driver version: 0.5
[    2.493350] PCI: Using configuration type 1 for base access
[    2.512008] ACPI: Added _OSI(Module Device)
[    2.513433] ACPI: Added _OSI(Processor Device)
[    2.514919] ACPI: Added _OSI(3.0 _SCP Extensions)
[    2.568874] ACPI: Added _OSI(Processor Aggregator Device)
[    2.689022] ACPI: Executed 1 blocks of module-level executable AML code
[    2.731807] ACPI: Interpreter enabled
[    2.733133] ACPI: (supports S0 S5)
[    2.734405] ACPI: Using IOAPIC for interrupt routing
[    2.736204] PCI: Using host bridge windows from ACPI; if necessary, use "pci=nocrs" and report a bug
[    2.743725] ACPI: PCI Root Bridge [PCI0] (domain 0000 [bus 00-ff])
[    2.745575] acpi PNP0A03:00: _OSC: OS supports [ASPM ClockPM Segments MSI]
[    2.747599] acpi PNP0A03:00: _OSC: not requesting OS control; OS requires [ExtendedConfig ASPM ClockPM MSI]
[    2.750665] acpi PNP0A03:00: fail to add MMCONFIG information, can't access extended PCI configuration space under this bridge.
[    2.887899] PCI host bridge to bus 0000:00
[    2.931712] pci_bus 0000:00: root bus resource [io  0x0000-0x0cf7 window]
[    2.934609] pci_bus 0000:00: root bus resource [io  0x0d00-0xffff window]
[    2.940909] pci_bus 0000:00: root bus resource [mem 0x000a0000-0x000bffff window]
[    2.946575] pci_bus 0000:00: root bus resource [mem 0x40000000-0xfdffffff window]
[    2.952519] pci_bus 0000:00: root bus resource [bus 00-ff]
[    2.958951] pci 0000:00:01.1: legacy IDE quirk: reg 0x10: [io  0x01f0-0x01f7]
[    2.963410] pci 0000:00:01.1: legacy IDE quirk: reg 0x14: [io  0x03f6]
[    2.967070] pci 0000:00:01.1: legacy IDE quirk: reg 0x18: [io  0x0170-0x0177]
[    2.971568] pci 0000:00:01.1: legacy IDE quirk: reg 0x1c: [io  0x0376]
[    3.001048] pci 0000:00:07.0: quirk: [io  0x4000-0x403f] claimed by PIIX4 ACPI
[    3.009039] pci 0000:00:07.0: quirk: [io  0x4100-0x410f] claimed by PIIX4 SMB
[    3.021657] ACPI: PCI Interrupt Link [LNKA] (IRQs 5 9 10 *11)
[    3.029739] ACPI: PCI Interrupt Link [LNKB] (IRQs 5 9 *10 11)
[    3.032164] ACPI: PCI Interrupt Link [LNKC] (IRQs 5 *9 10 11)
[    3.034620] ACPI: PCI Interrupt Link [LNKD] (IRQs 5 9 10 *11)
[    3.037146] ACPI: Enabled 2 GPEs in block 00 to 07
[    3.062138] vgaarb: setting as boot device: PCI:0000:00:02.0
[    3.063920] vgaarb: device added: PCI:0000:00:02.0,decodes=io+mem,owns=io+mem,locks=none
[    3.066691] vgaarb: loaded
[    3.067836] vgaarb: bridge control possible 0000:00:02.0
[    3.070140] SCSI subsystem initialized
[    3.071951] ACPI: bus type USB registered
[    3.073391] usbcore: registered new interface driver usbfs
[    3.075139] usbcore: registered new interface driver hub
[    3.078205] usbcore: registered new device driver usb
[    3.085584] PCI: Using ACPI for IRQ routing
[    3.087733] NetLabel: Initializing
[    3.089001] NetLabel:  domain hash size = 128
[    3.090475] NetLabel:  protocols = UNLABELED CIPSOv4
[    3.124076] NetLabel:  unlabeled traffic allowed by default
[    3.126187] amd_nb: Cannot enumerate AMD northbridges
[    3.127949] clocksource: Switched to clocksource kvm-clock
[    3.143945] AppArmor: AppArmor Fileystem Enabled
[    3.307731] pnp: PnP ACPI init
[    3.309967] pnp: PnP ACPI: found 3 devices

[    3.323112] clocksource: acpi_pm: mask: 0xffffff max_cycles: 0xffffff, max_idle_ns: 2085701024 ns
[    3.326227] NET: Registered protocol family 2
[    3.328262] TCP established hash table entries: 8192 (order: 4, 65536 bytes)
[    3.330483] TCP bind hash table entries: 8192 (order: 5, 131072 bytes)
[    3.332599] TCP: Hash tables configured (established 8192 bind 8192)
[    3.334682] UDP hash table entries: 512 (order: 2, 16384 bytes)
[    3.336617] UDP-Lite hash table entries: 512 (rder: 2, 16384 bytes)
[    3.369243] NET: Registered protocol family 1
[    3.370840] pci 0000:00:00.0: Limiting direct PCI/PCI transfers
[    3.372752] pci 0000:00:01.0: Activating ISA DMA hang workarounds
[    3.374958] Unpacking initramfs...
[  3.628738] Freeing initrd memory: 14828K
[    3.688714] clocksource: tsc: mask: 0xffffffffffffffff max_cycles: 0x2b2296bc2b9, max_idle_ns: 440795321505 ns
[    3.691902] platform rtc_cmos: registered platform RTC device (no PNP device found)
[    3.694623] Scanning for low memory corruption every 60 seconds

[    3.697545] audit: initializing netlink subsys (disabled)
[    3.699408] audit: type=2000 audit(1566492703.369:1): initialized
[    3.711152] Initialise system trusted keyring
[    3.712939] HugeTLB registered 2 MB page size, pre-allocated 0 pages
[    3.716860] zbud: loaded
[    3.718431] VFS: Disk quotas dquot_6.6.0
[    3.719893] VFS: Dquot-cache hash table entries: 512 (order 0, 4096 bytes)
[    3.747683] squashfs: versio 4.0 (2009/01/31) Phillip Lougher

[    3.809117] fuse init (API version 7.23)
[    3.810773] Key type big_key registered
[    3.812213] Allocating IMA MOK and blacklist keyrings.
[    3.815163] Key type asymmetric registered
[    3.816659] Asymmetric key parser 'x509' registered
[    3.818341] Block layer SCSI generic (bsg) driver version 0.4 loaded (major 249)
[    3.821119] io scheduler noop registered
[    3.822536] io scheduler deadline registered (default)
[    3.824280] io scheduler cfq registered
[    3.825811] pci_hotplug: PCI Hot Plug PCI Core version: 0.5
[    3.827603] pciehp: PCI Express Hot Plug Controller Driver version: 0.4
[    3.913202] ACPI: AC Adapter [AC] (on-line)
[    3.922655] input: Power Button as /devices/LNXSYSTM:00/LNXPWRBN:00/input/input0
[    3.925329] ACPI: Power Button [PWRF]
[    3.987372] input: Sleep Button as /devices/LNXSYSTM:00/LNXSLPBN:00/input/input1
[    4.001542] ACPI: Sleep Button [SLPF]
[    4.069593] GHES: HEST is not enabled!
[    4.145057] Serial: 8250/16550 driver, 32 ports, IRQ sharing enabled
[    4.169758] 00:02: ttyS0 at I/O 0x3f8 (irq = 4, base_baud = 115200) is a 16550A
[    4.173965] Linux agpgart interface v0.103
[    4.177885] loop: module loaded
[    4.180115] scsi host0: ata_piix
[    4.181558] scsi host1: ata_piix
[    4.182853] ata1: PATA max UDMA/33 cmd 0x1f0 ctl 0x3f6 bmdma 0xd000 irq 14
[    4.184858] ata2: PATA max UDMA/33 cmd 0x170 ctl 0x376 bmdma 0xd008 irq 15
[    4.187048] libphy: Fixed MDIO Bus: probed
[    4.188659] tun: Universal TUN/TAP device driver, 1.6
[    4.198690] tun: (C) 1999-2004 Max Krasnyansky <maxk@qualcomm.com>
[    4.200696] PPP generic driver version 2.4.2
[    4.202318] ehci_hcd: USB 2.0 'Enhanced' Host Controller (EHCI) Driver
[    4.204376] ehci-pci: EHCI PCI platform driver
[    4.205942] ehci-platform: EHCI generic platform driver
[    4.207736] ohci_hcd: USB 1.1 'Open' Host Controller (OHCI) Driver
[    4.209739] ohci-pci: OHCI PCI platform driver
[    4.228443] ohci-platform: OHCI generic platform driver
[    4.248460] uhci_hcd: USB Universal Host Controller Interface driver
[    4.250598] i8042: PNP: PS/2 Controller [PNP0303:PS2K,PNP0f03:PS2M] at 0x60,0x64 irq 1,12
[    4.254273] serio: i8042 KBD port at 0x60,0x64 irq 1
[    4.255950] serio: i8042 AUX port at 0x60,0x64 irq 12
[    4.278664] mousedev: PS/2 mouse device common for all mice
[    4.281087] input: AT Translated Set 2 keyboard as /devices/platform/i8042/serio0/input/input2
[    4.284727] rtc_cmos rtc_cmos: rtc core: registered rtc_cmos as rtc0
[    4.337128] rtc_cmos rtc_cmos: alarms up to one day, 114 bytes nvram
[    4.347487] i2c /dev entries driver
[    4.356893] device-mapper: uevent: version 1.0.3
[    4.390734] device-mapper: ioctl: 4.34.0-ioctl (2015-10-28) initialised: dm-devel@redhat.com
[    4.401662] ledtrig-cpu: registered to indicate activity on CPUs
[    4.404211] NET: Registered protocol family 10
[    4.406214] NET: Registered protocol family 17
[    4.407789] Key type dns_resolver registered
[    4.454302] registered taskstats version 1
[    4.455792] Loading compiled-in X.509 certificates
[    4.511293] Loaded X.509 cert 'Build time autogenerated kernel key: 65139e04a67245b562a838c28b5e7032abdd4348'
[    4.547424] zswap: loaded using pool lzo/zbud
[    4.561608] Key type trusted registered
[    4.588074] Key type encrypted registered
[    4.589480] AppArmor: AppArmor sha1 policy hashing enabled
[    4.591217] ima: No TPM chip found, activating TPM-bypass!
[    4.594039] ima: Allocated hash algorithm: sha1
[    4.595580] evm: HMAC attrs: 0x1
[    4.598333]   Magic number: 15:701:894
[    4.599812] rtc_cmos rtc_cmos: setting system clock to 2019-08-22 16:51:40 UTC (1566492700)
[    4.608064] BIOS EDD facility v0.16 2004-Jun-25, 0 devices found
[    4.609922] EDD information not available.
[    4.616912] Freeing unused kernel memory: 1484K
[    4.628004] Write protecting the kernel read-only data: 14336k
[    4.643759] Freeing unused kernel memory: 1616K
[    4.645695] Freeing unused kernel memory: 68K
Loading, please wait...
starting version 229
[    4.796763] random: systemd-udevd: uninitialized urandom read (16 bytes read, 2 bits of entropy available)
[    4.797818] random: udevadm: uninitialized urandom read (16 bytes read, 2 bits of entropy available)
[    4.797922] random: udevadm: uninitialized urandom read (16 bytes read, 2 bits of entropy available)
[    4.838680] random: systemd-udevd: uninitialized urandom read (16 bytes read, 2 bits of entropy available)
[    4.843750] random: systemd-udevd: uninitialized urandom read (16 bytes read, 2 bits of entropy available)
[    4.848620] random: systemd-udevd: uninitialized urandom read (16 bytes read, 2 bits of entropy available)
[    4.864238] random: systemd-udevd: uninitialized urandom read (16 bytes read, 2 bits of entropy available)
[    4.870338] random: systemd-udevd: uninitialized urandom read (16 bytes read, 2 bits of entropy available)
[    4.877787] random: udevadm: uninitialized urandom read (16 bytes read, 2 bits of entropy available)
[    4.878089] random: udevadm: uninitialized urandom read (16 bytes read, 2 bits of entropy available)
[    5.244239] e1000: Intel(R) PRO/1000 Network Driver - version 7.3.21-k8-NAPI
[    5.247594] e1000: Copyright (c) 1999-2006 Intel Corporation.
[    5.254181] Fusion MPT base driver 3.04.20
[    5.263721] Copyright (c) 1999-2008 LSI Corporation
[    5.277675] Fusion MPT SPI Host driver 3.04.20
[    5.475430] input: ImExPS/2 Generic Explorer Mouse as /devices/platform/i8042/serio1/input/input4
[    5.767775] e1000 0000:00:03.0 eth0: (PCI:33MHz:32-bit) 02:1e:e5:6d:71:21
[    5.773744] e1000 0000:00:03.0 eth0: Intel(R) PRO/1000 Network Connection
[    5.779842] mptbase: ioc0: Initiating bringup
[    5.780629] e1000 0000:00:03.0 enp0s3: renamed from eth0
[    5.848582] ioc0: LSI53C1030 A0: Capabilities={Initiator}
[    6.009697] scsi host2: ioc0: LSI53C1030 A0, FwRev=00000000h, Ports=1, MaxQ=256, IRQ=20
[    6.133119] scsi 2:0:0:0: Direct-Access     VBOX     HARDDISK         1.0  PQ: 0 ANSI: 5
[    6.189285] scsi target2:0:0: Beginning Domain Validation
[    6.302023] scsi target2:0:0: Domain Validation skipping write tests
[    6.306753] scsi target2:0:0: Ending Domain Validation
[    6.310552] scsi target2:0:0: asynchronous
[    6.314739] scsi 2:0:1:0: Direct-Access     VBOX     HARDDISK         1.0  PQ: 0 ANSI: 5
[    6.320709] scsi target2:0:1: Beginning Domain Validation
[    6.326560] scsi target2:0:1: Domain Validation skipping write tests
[    6.330702] scsi target2:0:1: Ending Domain Validation
[    6.334145] scsi target2:0:1: asynchronous
[    6.354401] sd 2:0:0:0: [sda] 20971520 512-byte logical blocks: (10.7 GB/10.0 GiB)
[    6.380141] sd 2:0:0:0: Attached scsi generic sg0 type 0
[    6.380852] sd 2:0:0:0: [sda] Write Protect is off
[    6.380961] sd 2:0:0:0: [sda] Incomplete mode parameter data
[    6.380962] sd 2:0:0:0: [sda] Assuming drive cache: write through
[    6.393381] sd 2:0:1:0: [sdb] 20480 512-byte logical blocks: (10.5 MB/10.0 MiB)
[    6.399599] sd 2:0:1:0: Attached scsi generic sg1 type 0
[    6.412354]  sda: sda1
[    6.415563] sd 2:0:1:0: [sdb] Write Protect is off
[    6.416626] sd 2:0:0:0: [sda] Attached SCSI disk
[    6.478758] sd 2:0:1:0: [sdb] Incomplete mode parameter data
[    6.498556] sd 2:0:1:0: [sdb] Assuming drive cache: write through
[    6.553058] sd 2:0:1:0: [sdb] Attached SCSI disk
Begin: Loading essential drivers ... [    8.896232] md: linear personality registered for level -1
[    8.921496] md: multipath personality registered for level -4
[    8.951182] md: raid0 personality registered for level 0
[    8.988588] md: raid1 personality registered for level 1
[    9.097293] raid6: sse2x1   gen()  5418 MB/s
[    9.187307] raid6: sse2x1   xor()  5118 MB/s
[    9.267313] raid6: sse2x2   gen()  5649 MB/s
[    9.357321] raid6: sse2x2   xor()  6450 MB/s
[    9.437313] raid6: sse2x4   gen()  9208 MB/s
[    9.517295] raid6: sse2x4   xor()  7127 MB/s
[    9.518838] raid6: using algorithm sse2x4 gen() 9208 MB/s
[    9.520834] raid6: .... xor() 7127 MB/s, rmw enabled
[    9.522502] raid6: using ssse3x2 recovery algorithm
[    9.528506] xor: measuring software checksum speed
[    9.567990]    prefetch64-sse: 19826.000 MB/sec
[    9.616032]    generic_sse: 12409.000 MB/sec
[    9.618269] xor: using function: prefetch64-sse (19826.000 MB/sec)
[    9.626603] async_tx: api initialized (async)
[    9.680610] md: raid6 personality registered for level 6
[    9.686267] md: raid5 personality registered for level 5
[    9.694187] md: raid4 personality registered for level 4
[    9.747013] md: raid10 personality registered for level 10
done.
Begin: Running /scripts/init-premount ... done.
Begin: Mounting root file system ... Begin: Running /scripts/local-top ... done.
Begin: Running /scripts/local-premount ... [    9.904723] Btrfs loaded
Scanning for Btrfs filesystems
done.
Warning: fsck not present, so skipping root file system
[   10.101030] EXT4-fs (sda1): mounted filesystem with ordered data mode. Opts: (null)
done.
Begin: Running /scripts/local-bottom ... done.
Begin: Running /scripts/init-bottom ... done.
[   10.928848] systemd[1]: systemd 229 running in system mode. (+PAM +AUDIT +SELINUX +IMA +APPARMOR +SMACK +SYSVINIT +UTMP +LIBCRYPTSETUP +GCRYPT +GNUTLS +ACL +XZ -LZ4 +SECCOMP +BLKID +ELFUTILS +KMOD -IDN)
[   10.942844] systemd[1]: Detected virtualization oracle.
[   10.944566] systemd[1]: Detected architecture x86-64.

Welcome to [1mUbuntu 16.04.6 LTS[0m!

[   10.980149] systemd[1]: Set hostname to <ubuntu>.
[   10.988257] systemd[1]: Initializing machine ID from random generator.
[   10.990444] systemd[1]: Installed transient /etc/machine-id file.
[   11.040303] random: nonblocking pool is initialized
[   11.947685] systemd[1]: Listening on udev Control Socket.
[[0;32m  OK  [0m] Listening on udev Control Socket.
[   11.984417] systemd[1]: Reached target Encrypted Volumes.
[[0;32m  OK  [0m] Reached target Encrypted Volumes.
[   11.990150] systemd[1]: Created slice System Slice.
[[0;32m  OK  [0m] Created slice System Slice.
[   12.002279] systemd[1]: Reached target User and Group Name Lookups.
[[0;32m  OK  [0m] Reached target User and Group Name Lookups.
[   12.007216] systemd[1]: Listening on Journal Audit Socket.
[[0;32m  OK  [0m] Listening on Journal Audit Socket.
[   12.011672] systemd[1]: Reached target System Time Synchronized.
[[0;32m  OK  [0m] Reached target System Time Synchronized.
[   12.024318] systemd[1]: Listening on udev Kernel Socket.
[[0;32m  OK  [0m] Listening on udev Kernel Socket.
[   12.065103] systemd[1]: Started Trigger resolvconf update for networkd DNS.
[[0;32m  OK  [0m] Started Trigger resolvconf update for networkd DNS.
[   12.095765] systemd[1]: Listening on Journal Socket (/dev/log).
[[0;32m  OK  [0m] Listening on Journal Socket (/dev/log).
[   12.138721] systemd[1]: Created slice User and Session Slice.
[[0;32m  OK  [0m] Created slice User and Session Slice.
[   12.180557] systemd[1]: Reached target Slices.
[[0;32m  OK  [0m] Reached target Slices.
[   12.224488] systemd[1]: Started Forward Password Requests to Wall Directory Watch.
[[0;32m  OK  [0m] Started Forward Password Requests to Wall Directory Watch.
[   12.288318] systemd[1]: Listening on Syslog Socket.
[[0;32m  OK  [0m] Listening on Syslog Socket.
[   12.330021] systemd[1]: Listening on /dev/initctl Compatibility Named Pipe.
[[0;32m  OK  [0m] Listening on /dev/initctl Compatibility Named Pipe.
[   12.392196] systemd[1]: Reached target Swap.
[[0;32m  OK  [0m] Reached target Swap.
[   12.460632] systemd[1]: Listening on Journal Socket.
[[0;32m  OK  [0m] Listening on Journal Socket.
[   12.553122] systemd[1]: Starting Set console keymap...
         Starting Set console keymap...
[   12.621513] systemd[1]: Starting Create list of required static device nodes for the current kernel...
         Starting Create list of required st... nodes for the current kernel...
[   12.648000] systemd[1]: Starting Journal Service...
         Starting Journal Service...
[   12.692960] systemd[1]: Starting Nameserver information manager...
         Starting Nameserver information manager...
[   12.735526] systemd[1]: Starting Uncomplicated firewall...
         Starting Uncomplicated firewall...
[   12.792816] systemd[1]: Mounting Huge Pages File System...
         Mounting Huge Pages File System...
[   12.809116] systemd[1]: Listening on LVM2 metadata daemon socket.
[[0;32m  OK  [0m] Listening on LVM2 metadata daemon socket.
[   12.818399] systemd[1]: Listening on LVM2 poll daemon socket.
[[0;32m  OK  [0m] Listening on LVM2 poll daemon socket.
[   12.890218] systemd[1]: Starting Load Kernel Modules...
         Starting Load Kernel Modules...
[   12.898634] systemd[1]: Created slice system-serial\x2dgetty.slice.
[[0;32m  OK  [0m] Created slice system-serial\x2dgetty.slice.
[   12.969123] systemd[1]: Mounting Debug File System...
         Mounting Debug File System...
[   13.018323] systemd[1]: Listening on Device-mapper event daemon FIFOs.
[[0;32m  OK  [0m] Listening on Device-mapper event daemon FIFOs.
[   13.107527] systemd[1]: Starting Monitoring of LVM2 mirrors, snapshots etc. using dmeventd or progress polling...
         Starting Monitoring of LVM2 mirrors... dmeventd or progress polling...
[   13.137559] systemd[1]: Set up automount Arbitrary Executable File Formats File System Automount Point.
[[0;32m  OK  [0m] Set up automount Arbitrary Execu[   13.158283] Loading iSCSI transport class v2.0-870.
tab...ats File System Automount Point.
[   13.185441] systemd[1]: Starting Remount Root and Kernel File Systems...
         Starting Remount[   13.225172] EXT4-fs (sda1): re-mounted. Opts: (null)
 Root and Kernel File Systems...
[   13.268568] systemd[1]: Mounting POSIX Message Queue File System...
         Mounting POSIX M[   13.306655] iscsi: registered transport (tcp)
essage Queue File System...
[   13.345063] systemd[1]: Mounted POSIX Message Queue File System.
[[0;32m  OK  [0m] Mounted POSIX Message Queue File System.
[   13.374304] systemd[1]: Mounted Huge Pages File System.
[[0;32m  OK  [0m] Mounted Huge Pages File System.
[   13.413973] systemd[1]: Mounted Debug File System.
[[0;32m  OK  [0m] Mounted Debug File System.
[   13.420655] systemd[1]: Started Journal Service.
[[0;32m  OK  [0m] Started Journal Service.
[[0;32m  OK  [0m] Started Set console keymap.
[[0;32m  OK  [0m] Started Create list of required sta...ce nodes for the current kernel.
[   13.445624] iscsi: registered transport (iser)
[[0;32m  OK  [0m] Started Uncomplicated firewall.
[[0;32m  OK  [0m] Started Load Kernel Modules.
[[0;32m  OK  [0m] Started Remount Root and Kernel File Systems.
[[0;32m  OK  [0m] Started Nameserver information manager.
[[0;32m  OK  [0m] Started LVM2 metadata daemon.
         Starting udev Coldplug all Devices...
         Starting Load/Save Random Seed...
         Mounting FUSE Control File System...
         Starting Apply Kernel Variables...
         Starting Create Static Device Nodes in /dev...
         Starting Flush Journal to Persistent Storage...
[[0;32m  OK  [0m] Mounted FUSE Control File System.
[[0;32m  OK  [0m] Started Load/Save Random Seed.
[[0;32m  OK  [0m] Started Apply Kernel Variables.
[[0;32m  OK  [0m] Started Create Static Device Nodes in /dev.
         Starting udev Kernel Device Manager...
[[0;32m  OK  [0m] Started Flush Journal to Persistent Storage.
[[0;32m  OK  [0m] Started Monitoring of LVM2 mirrors,...ng dmeventd or progress polling.
[[0;32m  OK  [0m] Reached target Local File Systems (Pre).
[[0;32m  OK  [0m] Reached target Local File Systems.
         Starting Tell Plymouth To Write Out Runtime Data...
         Starting Set console font and keymap...
         Starting Initial cloud-init job (pre-networking)...
         Starting Create Volatile Files and Directories...
         Starting Commit a transient machine-id on disk...
         Starting LSB: AppArmor initialization...
[[0;32m  OK  [0m] Started udev Kernel Device Manager.
[[0;32m  OK  [0m] Started Tell Plymouth To Write Out Runtime Data.
[[0;32m  OK  [0m] Started Commit a transient machine-id on disk.
[[0;32m  OK  [0m] Started Create Volatile Files and Directories.
         Starting Update UTMP about System Boot/Shutdown...
[[0;32m  OK  [0m] Started udev Coldplug all Devices.
[[0;32m  OK  [0m] Started Dispatch Password Requests to Console Directory Watch.
[[0;32m  OK  [0m] Started Update UTMP about System Boot/Shutdown.
[[0;32m  OK  [0m] Found device /dev/ttyS0.
[[0;32m  OK  [0m] Listening on Load/Save RF Kill Switch Status /dev/rfkill Watch.
[[0;32m  OK  [0m] Started LSB: AppArmor initialization.
[   18.526013] cloud-init[468]: Cloud-init v. 19.1-1-gbaa47854-0ubuntu1~16.04.1 running 'init-local' at Thu, 22 Aug 2019 16:51:55 +0000. Up 17.05 seconds.
[[0;32m  OK  [0m] Started Initial cloud-init job (pre-networking).
[[0;32m  OK  [0m] Reached target Network (Pre).
         Starting Raise network interfaces...
[[0;32m  OK  [0m] Started Set console font and keymap.
[[0;32m  OK  [0m] Created slice system-getty.slice.
[[0;32m  OK  [0m] Started Raise network interfaces.
         Starting Initial cloud-init job (metadata service crawler)...
[[0;32m  OK  [0m] Reached target Network.
[   25.028492] cloud-init[943]: Cloud-init v. 19.1-1-gbaa47854-0ubuntu1~16.04.1 running 'init' at Thu, 22 Aug 2019 16:52:00 +0000. Up 21.92 seconds.
[   25.039072] cloud-init[943]: ci-info: ++++++++++++++++++++++++++++++++++++++Net device info++++++++++++++++++++++++++++++++++++++
[   25.052607] cloud-init[943]: ci-info: +--------+------+----------------------------+---------------+--------+-------------------+
[   25.059868] cloud-init[943]: ci-info: | Device |  Up  |          Address           |      Mask     | Scope  |     Hw-Address    |
[   25.067694] cloud-init[943]: ci-info: +--------+------+----------------------------+---------------+--------+-------------------+
[   25.075424] cloud-init[943]: ci-info: | enp0s3 | True |         10.0.2.15          | 255.255.255.0 | global | 02:1e:e5:6d:71:21 |
[   25.082653] cloud-init[943]: ci-info: | enp0s3 | True | fe80::1e:e5ff:fe6d:7121/64 |       .       |  link  | 02:1e:e5:6d:71:21 |
[   25.090809] cloud-init[943]: ci-info: |   lo   | True |         127.0.0.1          |   255.0.0.0   |  host  |         .         |
[   25.097084] cloud-init[943]: ci-info: |   lo   | True |          ::1/128           |       .       |  host  |         .         |
[   25.110313] cloud-init[943]: ci-info: +--------+------+----------------------------+---------------+--------+-------------------+
[   25.142095] cloud-init[943]: ci-info: +++++++++++++++++++++++++++Route IPv4 info++++++++++++++++++++++++++++
[   25.209423] cloud-init[943]: ci-info: +-------+-------------+----------+---------------+-----------+-------+
[   25.333475] cloud-init[943]: ci-info: | Route | Destination | Gateway  |    Genmask    | Interface | Flags |
[   25.425686] cloud-init[943]: ci-info: +-------+-------------+----------+---------------+-----------+-------+
[[0;32m  OK  [0m] Started Initial cloud-init job (metadata service crawler).
[   25.435097] cloud-init[943]: ci-info: |   0   |   0.0.0.0   | 10.0.2.2 |    0.0.0.0    |   enp0s3  |   UG  |
[   25.589364] cloud-init[943]: ci-info: |   1   |   10.0.2.0  | 0.0.0.0  | 255.255.255.0 |   enp0s3  |   U   |
[   25.600634] [cloud-init[0;32m  OK  [0m[943]: ] ci-info: +-------+-------------+----------+---------------+-----------+-------+Reached target System Initialization.

[   25.637329] cloud-init[943]: ci-info: +++++++++++++++++++Route IPv6 info+++++++++++++++++++
         Starting LXD - unix socket.
[   25.647850] cloud-init[943]: ci-info: +-------+-------------+---------+-----------+-------+
[   25.666634] cloud-init[943]: ci-info: | Route | Destination | Gateway | Interface | Flags |
[   25.676998] cloud-init[943]: ci-info: +-------+-------------+---------+-----------+-------+
[   25.683420] cloud-init[943]: ci-info: |   0   |  fe80::/64  |    ::   |   enp0s3  |   U   |
[   25.687984] cloud-init[943]: ci-info: |   4   |   ff00::/8  |    ::   |   enp0s3  |   U   |
[[0;32m  OK  [0m] Started ACPI Events Check.
[[0;32m  OK  [0m] Reached target Paths.
[[0;32m  OK  [0m] Started Daily apt download activities.
[   25.740415] cloud-init[943]: ci-info: +-------+-------------+---------+-----------+-------+
[   25.860900] cloud-init[943]: Generating public/private rsa key pair.
[   25.924500] cloud-init[943]: Your identification has been saved in /etc/ssh/ssh_host_rsa_key.
[[0;32m  OK  [0m[   25.996900] cloud-init[943]: Your public key has been saved in /etc/ssh/ssh_host_rsa_key.pub.
[   25.997838] cloud-init[943]: The key fingerprint is:
[   25.998074] cloud-init[943]: SHA256:Jb73bR3jXYduBizOqANNRwSPY3u1K0RhXAq6mbGVl7g root@ubuntu-xenial
[   25.998450] cloud-init[943]: The key's randomart image is:
[   25.998693] cloud-init[943]: +---[RSA 2048]----+
[   25.998951] cloud-init[943]: |      o++..      |
[   25.999188] cloud-init[943]: |     . Bo+       |
[   25.999426] cloud-init[943]: |    o B.B o      |
[   25.999680] cloud-init[943]: |     O.B.+ .     |
[   25.999963] cloud-init[943]: |    =oE.S ..   . |
[   26.000207] cloud-init[943]: |    . .o ...o .oo|
[   26.000438] cloud-init[943]: |     .  o+o. o..*|
[   26.000668] cloud-init[943]: |      . .oo. .=.o|
[   26.000906] cloud-init[943]: |      .o    .+.  |
[   26.001135] cloud-init[943]: +----[SHA256]-----+
] Started Daily apt upgrade and clean activities.
[[0;32m  OK  [0m] Listening on D-Bus System Message Bus Socket.
[   26.001471] cloud-init[943]: Generating public/private dsa key pair.
[   26.340649] cloud-init[943]: Your identification has been saved in /etc/ssh/ssh_host_dsa_key.
[   26.428636] cloud-init[943]: Your public key has been saved in /etc/ssh/ssh_host_dsa_key.pub.
[   26.465832] cloud-init[943]: The key fingerprint is:
[   26.494446] cloud-init[943]: SHA256:j5q2MGvFXRtEPPHsr/GMEdV2pKomvlSavTVGwKa6EbA root@ubuntu-xenial
[   26.596502] cloud-init[943]: The key's randomart image is:
[   26.668496] cloud-init[943]: +---[DSA 1024]----+
[   26.732633] cloud-init[943]: |         oo.    .|
         [   26.792824] cloud-init[943]: |         .+o   + |
[   26.796490] cloud-init[943]: |    .    .+.o o +|
[   26.797172] cloud-init[943]: |     o   ooo o ..|
[   26.797394] cloud-init[943]: |    E...S..o=    |
[   26.797617] cloud-init[943]: |      oo.B.o o   |
[   26.797845] cloud-init[943]: |    o.o * = * .  |
[   26.798131] cloud-init[943]: |    .+.B o + O   |
Starting Socket activation for snappy daemon.
[[0;32m  OK  [0m] Started Daily Cleanup of Temporary Directories.
[[0;32m  OK  [0m] Reached target Timers.
[[0;32m  OK  [0m] Listening on UUID daemon activation socket.
[[0;32m  OK  [0m] Listening on ACPID Listen Socket.
[[0;32m  OK  [0m] Reached target Network is Online.
[   26.798825] cloud-init[943]: |   ...=.o.. o o  |
[   27.285493] cloud-init[943]: +----[SHA256]-----+
[   27.288610] cloud-init[943]: Generating public/private ecdsa key pair.
[   27.294769] cloud-init[943]: Your identification has been saved in /etc/ssh/ssh_host_ecdsa_key.
[   27.326320] cloud-init[943]: Your public key has been saved in /etc/ssh/ssh_host_ecdsa_key.pub.
         Starting iSCSI initiator daemon (iscsid)...
[[0;32m  OK  [0m] Reached target Cloud-config availability.
[[0;32m  OK  [0m] Listening on LXD - unix socket.
[[0;32m  OK  [0m] Listening on Socket activation for snappy daemon.
[   27.341440] cloud-init[943]: [[0;32m  OK  [0m] Reached target Sockets.
[[0;32m  OK  [0m] Reached target Basic System.
The key fingerprint is:
[   27.416057] cloud-init[943]: SHA256:rKa+hxgMSkCSyhwTiBQ7rIg2gOIvnaHEH8toR68EtN8 root@ubuntu-xenial
[[0;32m  OK  [0m] Started D-Bus System Message Bus.
[   27.416800] cloud-init[943]: The key's randomart image is:
[   27.481018] cloud-init[943]: +---[ECDSA 256]---+
[   27.486724] cloud-init[943]: |**o              |
[   27.492472] cloud-init[943]: |Oo.              |
[   27.504691] cloud-init[943]: |O=o              |
[   27.513189] cloud-init[943]: |%+o    .         |
[   27.516139] cloud-init[943]: |*@ +    S        |
[   27.519168] cloud-init[943]: |+ # B  .         |
[   27.522078] cloud-init[943]: | = & Eo          |
[   27.524830] cloud-init[943]: |. = oo.          |
[   27.527551] cloud-init[943]: |   o+o           |
[   27.530488] cloud-init[943]: +----[SHA256]-----+
[   27.533685] cloud-init[943]: Generating public/private ed25519 key pair.
[   27.537286] cloud-init[943]: Your identification has been saved in /etc/ssh/ssh_host_ed25519_key.
[   27.541857] cloud-init[943]: Your public key has been saved in /etc/ssh/ssh_host_ed25519_key.pub.
[   27.554631] cloud-init[943]: The key fingerprint is:
[   27.557519] cloud-init[943]: SHA256:nMIz3nJh7PnqQrjB8C4D9gkeF9dGE0CQ38ZgjqEfE7A root@ubuntu-xenial
[   27.561696] cloud-init[943]: The key's randomart image is:
[   27.564817] cloud-init[943]: +--[ED25519 256]--+
[   27.571333] cloud-init[943]: | ...+o...        |
[   27.575091] cloud-init[943]: |  .+ o o         |
[   27.577875] cloud-init[943]: | E. B * .        |
[   27.580921] cloud-init[943]: | ..= = O .       |
[   27.583886] cloud-init[943]: |  .+=.B S        |
[   27.586716] cloud-init[943]: |.+ o=..B o       |
[   27.590634] cloud-init[943]: |o.=..+o =        |
[   27.593796] cloud-init[943]: | .ooo .o .       |
[   27.602862] cloud-init[943]: |   o   oo..      |
[   27.606849] cloud-init[943]: +----[SHA256]-----+
         Starting LSB: Record successful boot for GRUB...
         Starting LSB: MD monitoring daemon...
         Starting Accounts Service...
         Starting System Logging Service...
         Starting /etc/rc.local Compatibility...
         Starting Login Service...
[[0;32m  OK  [0m] Started ACPI event daemon.
         Starting Pollinate to seed the pseudo random number generator...
[[0;32m  OK  [0m] Started Deferred execution scheduler.
         Starting Virtualbox guest utils...
[[0;32m  OK  [0m] Started FUSE filesystem for LXC.
         Starting Snappy daemon...
[[0;32m  OK  [0m] Started Regular background program processing daemon.
         Starting LXD - container startup/shutdown...
[[0;32m  OK  [0m] Started System Logging Service.
[[0;32m  OK  [0m] Started /etc/rc.local Compatibility.
[[0;32m  OK  [0m] Started iSCSI initiator daemon (iscsid).
[[0;32m  OK  [0m] Started Login Service.
[[0;32m  OK  [0m] Started Unattended Upgrades Shutdown.
         Starting Authenticate and Authorize Users to Run Privileged Tasks...
         Starting Login to default iSCSI targets...
[[0;32m  OK  [0m] Started LSB: Record successful boot for GRUB.
[[0;32m  OK  [0m] Started LSB: MD monitoring daemon.
[[0;32m  OK  [0m] Started Login to default iSCSI targets.
[[0;32m  OK  [0m] Started Authenticate and Authorize Users to Run Privileged Tasks.
[[0;32m  OK  [0m] Reached target Remote File Systems (Pre).
[[0;32m  OK  [0m] Reached target Remote File Systems.
         Starting LSB: daemon to balance interrupts for SMP systems...
         Starting Permit User Sessions...
         Starting LSB: Set the CPU Frequency Scaling governor to "ondemand"...
         Starting LSB: automatic crash report generation...
[[0;32m  OK  [0m] Started Accounts Service.
[[0;32m  OK  [0m] Started Permit User Sessions.
         Starting Hold until boot process finishes up...
         Starting Terminate Plymouth Boot Screen...
[[0;32m  OK  [0m] Started Hold until boot process finishes up.
[[0;32m  OK  [0m] Started Terminate Plymouth Boot Screen.
[[0;32m  OK  [0m] Started Serial Getty on ttyS0.
[[0;32m  OK  [0m] Started Getty on tty1.
[[0;32m  OK  [0m] Reached target Login Prompts.
         Starting Set console scheme...
[[0;32m  OK  [0m] Started Set console scheme.
[[0;32m  OK  [0m] Started LXD - container startup/shutdown.
[[0;32m  OK  [0m] Started LSB: Set the CPU Frequency Scaling governor to "ondemand".
[[0;32m  OK  [0m] Started LSB: automatic crash report generation.
[[0;32m  OK  [0m] Started Virtualbox guest utils.
[[0;32m  OK  [0m] Started LSB: daemon to balance interrupts for SMP systems.
[[0;32m  OK  [0m] Started Snappy daemon.
         Starting Wait until snapd is fully seeded...
[[0;32m  OK  [0m] Started Pollinate to seed the pseudo random number generator.
         Starting OpenBSD Secure Shell server...
[[0;32m  OK  [0m] Started OpenBSD Secure Shell server.
[[0;32m  OK  [0m] Created slice User Slice of vagrant.
[[0;32m  OK  [0m] Started Session 1 of user vagrant.
         Starting User Manager for UID 1000...
[[0;32m  OK  [0m] Started User Manager for UID 1000.
[[0;32m  OK  [0m] Started Wait until snapd is fully seeded.

Ubuntu 16.04.6 LTS ubuntu-xenial ttyS0

ubuntu-xenial login: [   38.349726] cloud-init[1371]: Generating locales (this might take a while)...
[   41.555651] cloud-init[1371]:   en_US.UTF-8... done
[   41.560145] cloud-init[1371]: Generation complete.
[   43.623822] cloud-init[1371]: Cloud-init v. 19.1-1-gbaa47854-0ubuntu1~16.04.1 running 'modules:config' at Thu, 22 Aug 2019 16:52:16 +0000. Up 37.53 seconds.
ci-info: no authorized ssh keys fingerprints found for user ubuntu.
<14>Aug 22 16:52:23 ec2: 
<14>Aug 22 16:52:23 ec2: #############################################################
<14>Aug 22 16:52:23 ec2: -----BEGIN SSH HOST KEY FINGERPRINTS-----
<14>Aug 22 16:52:23 ec2: 1024 SHA256:j5q2MGvFXRtEPPHsr/GMEdV2pKomvlSavTVGwKa6EbA root@ubuntu-xenial (DSA)
<14>Aug 22 16:52:23 ec2: 256 SHA256:rKa+hxgMSkCSyhwTiBQ7rIg2gOIvnaHEH8toR68EtN8 root@ubuntu-xenial (ECDSA)
<14>Aug 22 16:52:23 ec2: 256 SHA256:nMIz3nJh7PnqQrjB8C4D9gkeF9dGE0CQ38ZgjqEfE7A root@ubuntu-xenial (ED25519)
<14>Aug 22 16:52:23 ec2: 2048 SHA256:Jb73bR3jXYduBizOqANNRwSPY3u1K0RhXAq6mbGVl7g root@ubuntu-xenial (RSA)
<14>Aug 22 16:52:23 ec2: -----END SSH HOST KEY FINGERPRINTS-----
<14>Aug 22 16:52:23 ec2: #############################################################
-----BEGIN SSH HOST KEY KEYS-----
ecdsa-sha2-nistp256 AAAAE2VjZHNhLXNoYTItbmlzdHAyNTYAAAAIbmlzdHAyNTYAAABBBLoPwyIapP3RVa4+7lqAob9xcR50bng3wTOd3BckXXn2sC9JBFzYcoovDIAmB9EwozvM5pvc+/7i9YuXvop/mHI= root@ubuntu-xenial
ssh-ed25519 AAAAC3NzaC1lZDI1NTE5AAAAIPHg71jP7sVtBeDhhIkizkBQvz5hEmFzKc+1SenTCJNt root@ubuntu-xenial
ssh-rsa AAAAB3NzaC1yc2EAAAADAQABAAABAQDotg3+eOQ2YieHxk4MI5JUnbxZ9P5zOVjLTl8xJ4crhzeiqHD1/+UXc8L80JANJNApwGAQ3o28wjlnYDMJBvKgfk9gKvvz2dLXATuPX1RZlbALS+8Dmv9mFbAh2dRKZGkmcfgP7VFsOrLZYoTYxLBOb8yyAKUG685nk9kHZizWBugg1QUb6IYrdcETI+ZhqAnVhMF3/JXdB+M4XekjUSM1iIFw8VKpMTqzSsjmJo1KML15aWnhF2BnOgDJExmcbigbiZMy2AqNbJs/oACzBEqOxd+fDAji7+U6/JgmBA9qrI3MLEcAnHWl7jM7eEqDkmO4bl9YTD3auAFEE4Oi8jvP root@ubuntu-xenial
-----END SSH HOST KEY KEYS-----
[   45.549076] cloud-init[1552]: Cloud-init v. 19.1-1-gbaa47854-0ubuntu1~16.04.1 running 'modules:final' at Thu, 22 Aug 2019 16:52:23 +0000. Up 44.92 seconds.
[   45.549780] cloud-init[1552]: ci-info: no authorized ssh keys fingerprints found for user ubuntu.
[   45.550438] cloud-init[1552]: Cloud-init v. 19.1-1-gbaa47854-0ubuntu1~16.04.1 finished at Thu, 22 Aug 2019 16:52:24 +0000. Datasource DataSourceNoCloud [seed=/dev/sdb][dsmode=net].  Up 45.51 seconds
