[    0.000000] Initializing cgroup subsys cpuset
[    0.000000] Initializing cgroup subsys cpu
[    0.000000] Initializing cgroup subsys cpuacct
[    0.000000] Linux version 4.4.0-154-generic (buildd@lgw01-amd64-049) (gcc version 5.4.0 20160609 (Ubuntu 5.4.0-6ubuntu1~16.04.10) ) #181-Ubuntu SMP Tue Jun 25 05:29:03 UTC 2019 (Ubuntu 4.4.0-154.181-generic 4.4.179)
[    0.000000] Command line: BOOT_IMAGE=/boot/vmlinuz-4.4.0-154-generic root=LABEL=cloudimg-rootfs ro console=tty1 console=ttyS0
[    0.000000] KERNEL supported cpus:
[    0.000000]   Intel GenuineIntel
[    0.000000]   AMD AuthenticAMD
[    0.000000]   Centaur CentaurHauls
[    0.000000] x86/fpu: Legacy x87 FPU detected.
[    0.000000] e820: BIOS-provided physical RAM map:
[    0.000000] BIOS-e820: [mem 0x0000000000000000-0x000000000009fbff] usable
[    0.000000] BIOS-e820: [mem 0x000000000009fc00-0x000000000009ffff] reserved
[    0.000000] BIOS-e820: [mem 0x00000000000f0000-0x00000000000fffff] reserved
[    0.000000] BIOS-e820: [mem 0x0000000000100000-0x000000003ffeffff] usable
[    0.000000] BIOS-e820: [mem 0x000000003fff0000-0x000000003fffffff] ACPI data
[    0.000000] BIOS-e820: [mem 0x00000000fec00000-0x00000000fec00fff] reserved
[    0.000000] BIOS-e820: [mem 0x00000000fee00000-0x00000000fee00fff] reserved
[    0.000000] BIOS-e820: [mem 0x00000000fffc0000-0x00000000ffffffff] reserved
[    0.000000] NX (Execute Disable) protection: active
[    0.000000] SMBIOS 2.5 present.
[    0.000000] Hypervisor detected: KVM
[    0.000000] e820: last_pfn = 0x3fff0 max_arch_pfn = 0x400000000
[    0.000000] MTRR: Disabled
[    0.000000] x86/PAT: MTRRs disabled, skipping PAT initialization too.
[    0.000000] CPU MTRRs all blank - virtualized system.
[    0.000000] x86/PAT: Configuration [0-7]: WB  WT  UC- UC  WB  WT  UC- UC  
[    0.000000] found SMP MP-table at [mem 0x0009fff0-0x0009ffff] mapped at [ffff88000009fff0]
[    0.000000] Scanning 1 areas for low memory corruption
[    0.000000] RAMDISK: [mem 0x362fa000-0x37174fff]
[    0.000000] ACPI: Early table checksum verification disabled
[    0.000000] ACPI: RSDP 0x00000000000E0000 000024 (v02 VBOX  )
[    0.000000] ACPI: XSDT 0x000000003FFF0030 00003C (v01 VBOX   VBOXXSDT 00000001 ASL  00000061)
[    0.000000] ACPI: FACP 0x000000003FFF00F0 0000F4 (v04 VBX   BOXFACP 00000001 ASL  0000061)
[    0.000000] ACPI: DSDT 0x000000003FFF0470 0021FF (v02 VBOX   VBOXBIOS 00000002 INTL 20180105)
[    0.000000] ACPI: FACS 0x000000003FFF0200 000040
[   0.000000] ACPI: FACS 0x000000003FFF0200 000040
[    0.000000] ACPI: APIC 0x000000003FFF0240 00005C (v02 VBOX   VBOXAPIC 00000001 ASL  00000061)
[    0.000000] ACPI: SSDT 0x000000003FFF02A0 0001CC (v01 VBOX   VBOXCPUT 00000002 INTL 20180105)
[    0.000000] No NUMA configuration found
[    0.000000] Faking a node at [mem 0x0000000000000000-0x000000003ffeffff]
[    0.000000] NODE_DATA(0) allocated [mem 0x3ffeb000-0x3ffeffff]
[    0.000000] kvm-clock: Using msrs 4b564d01 and 4b564d00
[    0.000000] kvm-clock: cpu 0, msr 0:3ffe3001, primary cpu clock
[    0.000000] kvm-clock: using sched offset of 5846904191 cycles
[    0.000000] clocksource: kvm-clock: mask: 0xffffffffffffffff max_cycles: 0x1cd42e4dffb, max_idle_ns: 881590591483 ns
[    0.000000] Zone ranges:
[    0.000000]   DMA      [mem 0x0000000000001000-0x0000000000ffffff]
[    0.000000]   DMA32    [mem 0x0000000001000000-0x000000003ffeffff]
[    0.000000]   Normal   empty
[    0.000000]   Device   empty
[    0.000000] Movable zone start for each node
[    0.0000] arly memory node ranges
[    0.000000]   node   0: [mm 0x0000000000001000-0x000000000009efff]
[    0.000000]   ode   0: [mem 0x0000000000100000-0x000000003ffeffff]
[    0.000000] Initmem setup node 0 [mem 0x0000000000001000-0x000000003ffeffff]
[    0.000000] ACPI: PM-Timer IO Port: 0x4008
[    0.000000] IOAPIC[0]: apic_id 2, version 32, address 0xfec00000, GSI 0-23
[    0.000000] ACPI: INT_SRC_OVR (bus 0 bus_irq 0 global_irq 2 dfl dfl)
[    0.000000] ACPI: INT_SRC_OVR (bus 0 bus_irq 9 global_irq 9 low level)
[    0.000000] Using ACPI (MADT) for SMP configurtion information
[    0.000000] smpboot: Allowing 2 CPUs, 0 hotplug CPUs
[    0.000000] PM: Registered nosave memory: [mem 0x00000000-0x00000fff]
[    0.000000] PM: Registered nosave memory: [mem 0x0009f000-0x0009ffff]
[    0.000000] PM: Registered nosave memory: [mem 0x000a0000-0x000effff]
[    0.000000] PM: Registered nosave memory: [mem 0x000f0000-0x000fffff]
[    0.000000] e820: [mem 0x40000000-0xfebfffff] available for PCI devices
[    0.000000] Booting paravirtualized kernelon KVM
[    0.000000] clocksource: refined-jiffies: mask: 0xffffffff max_cycles: 0xffffff, max_idle_s: 7645519600211568 ns
[    0.000000] setup_percpu: NR_CPUS:512 nr_cpumask_bits:512 nr_cpu_ids:2 nr_node_ids:1
[    0.000000] PERCPU: Embedded 34 pages/cpu @ffff88003fc00000 s99480 r8192 d31592 u1048576
[    0.000000] Built 1 zonelists in Node order, mobility grouping o.  Total pages: 257912
[    0.000000] Policy zone: DMA32
[    0.000000] Kernel command line: BOOT_IMAGE=/boot/vmlinuz-4.4.0-154-generic root=LABEL=cloudimg-rootfs ro console=tty1 console=ttyS0
[    0.000000] PID hash table entries: 4096 (order: 3, 32768 bytes)
[    0.000000] Memory: 997732K/1048120K available (8613K kernel code, 1335K rwdata, 4028K rodata, 1484K init, 1284K bss, 50388K reserved, 0K cma-reserved)
[    0.000000] SLUB: HWalign=64, Order=0-3, MinObjects=0, CPUs=2, Nodes=1
[    0.000000] Kernel/User page tables isolation: enabled
[    0.000000] Hierarchical RCU implementation.
[    0.000000] 	Build-time adjustment of leaf fanout to 64.
[    0.000000] 	RCU restricting CPUs from NR_CPUS=512 to nr_cpu_ids=2.
[    0.000000] RCU: Adjusting geometry for rcu_fanout_leaf=64, nr_cpu_ids=2
[    0.000000] NR_IRQS:33024 nr_irqs:440 16
[    0.000000] Console: colour VGA+ 80x25
[    0.000000] console [tty1] enabled
[    0.000000] console [ttyS0] enabled
[    0.000000] tsc: Detected 2992.498 MHz processor
[    3.454399] Calibrating delay loop (skipped) preset value.. 5984.99 BogoMIPS (lpj=11969992)
[    3.457306] pid_max: default: 32768 minimum: 301
[    3.482338] ACPI: Core revision 20150930
[    3.485047] ACPI: 2 ACPI AML tables successfully acquired and loaded
[    3.487205] Security Framework initialized
[    3.498159] Yama: becoming mindful.
[    3.499537] AppArmor: AppArmor initialized
[    3.501140] Dentry cache hash table entries: 131072 (order: 8, 1048576 bytes)
[    3.503730] Inode-cache hash table entries: 65536 (order: 7, 524288 bytes)
[    3.506044] Mount-cache hash table entries: 2048 (order: 2, 16384 bytes)
[    3.511243] Mountpoint-cache hash table entries: 2048 (order: 2, 16384 bytes)
[    3.514253] Initializing cgroup subsys io
[    3.515675] Initializing cgroup subsys memory
[    3.517174] Initializing cgroup subsys devices
[    3.518684] Initializing cgroup subsys freezer
[    3.520203] Initializing cgroup subsys net_cls
[    3.521693] Initializing cgroup subsys perf_event
[    3.523236] Initializing cgroup subsys net_prio
[    3.534061] Initializing cgroup subsys hugetlb
[    3.535555] Initializing cgroup subsys pids
[    3.572411] mce: CPU supports 0 MCE banks
[    3.640575] Last level iTLB entries: 4KB 128, 2MB 4, 4MB 4
[    3.739440] Last level dTLB entries: 4KB 256, 2MB 0, 4MB 32, 1GB 0
[    3.779499] Spectre V2 : Mitigation: Full generic retpoline
[    3.793362] Spectre V2 : Spectre v2 / SpectreRSB mitigation: Filling RSB on context switch
[    3.796144] Speculative Store Bypass: Vulnerable
[    3.798576] MDS: Vulnerable: Clear CPU buffers attempted, no microcode
[    3.804118] Freeing SMP alternatives memory: 36K
[    3.871878] ftrace: allocating 32299 entries in 127 pages
[    3.942753] smpboot: APIC(0) Converting physical 0 to logical package 0
[    4.061127] smpboot: Max logical packages: 1
[    4.125688] x2apic enabled
[    4.127344] Switched APIC routing to physical x2apic.
[    4.171590] ..TIMER: vector=0x30 apic1=0 pin1=2 apic2=-1 pin2=-1
[    4.279683] smpboot: CPU0: Intel(R) Core(TM)2 Duo CPU     E8400  @ 3.00GHz (family: 0x6, model: 0x17, stepping: 0xa)
[    4.283280] Performance Events: unsupported p6 CPU model 23 no PMU driver, software events only.
[    4.400633] KVM setup paravirtual spinlock
[    4.403663] x86: Booting SMP configuration:
[    4.442198] .... node  #0, CPUs:      #1
[    4.443631] kvm-clock: cpu 1, msr 0:3ffe3041, secondary cpu clock
[    4.453194] mce: CPU supports 0 MCE banks
[    4.456392] x86: Booted up 1 node, 2 CPUs
[    4.461597] smpboot: Total of 2 processors activated (11969.99 BogoMIPS)
[    4.464216] devtmpfs: initialized
[    4.468273] evm: security.selinux
[    4.469520] evm: security.SMACK64
[    4.470772] evm: security.SMACK64EXEC
[    4.472104] evm: security.SMACK64TRANSMUTE
[    4.473519] evm: security.SMACK64MMAP
[    4.474840] evm: security.ima
[    4.476016] evm: security.capability
[    4.477532] clocksource: jiffies: mask: 0xffffffff max_cycles: 0xffffffff, max_idle_ns: 7645041785100000 ns
[    4.480674] futex hash table entries: 512 (order: 3, 32768 bytes)
[    4.482696] pinctrl core: initialized pinctrl subsystem
[    4.486239] RTC time: 17:43:54, date: 08/22/19
[    4.488144] NET: Registered protocol family 16
[    4.508059] cpuidle: using governor ladder
[    4.520093] cpuidle: using governor menu
[    4.521472] PCCT header not found.
[    4.522785] ACPI: bus type PCI registered
[    4.549024] acpiphp: ACPI Hot Plug PCI Controller Driver version: 0.5
[    4.605950] PCI: Using configuration type 1 for base access
[    4.620548] ACPI: Added _OSI(Module Device)
[    4.621978] ACPI: Added _OSI(Processor Device)
[    4.623473] ACPI: Added _OSI(3.0 _SCP Extensions)
[    4.677865] ACPI: Added _OSI(Processor Aggregator Device)
[    4.706386] ACPI: Executed 1 blocks of module-level executable AML code
[    4.710987] ACPI: Interpreter enabled
[    4.712331] ACPI: (supports S0 S5)
[    4.713598] ACPI: Using IOAPIC for interrupt routing
[    4.715404] PCI: Using host bridge windows from ACPI; if necessary, use "pci=nocrs" and report a bug
[    4.814046] ACPI: PCI Root Bridge [PCI0] (domain 0000 [bus 00-ff])
[    4.854094] acpi PNP0A03:00: _OSC: OS supports [ASPM ClockPM Segments MSI]
[    4.856130] acpi PNP0A03:00: _OSC: not requesting OS control; OS requires [ExtendedConfig ASPM ClockPM MSI]
[    4.859222] acpi PNP0A03:00: fail to add MMCONFIG information, can't access extended PCI configuration space under this bridge.
[    4.998737] PCI host bridge to bus 0000:00
[    5.042575] pci_bus 0000:00: root bus resource [io  0x0000-0x0cf7 window]
[    5.092465] pci_bus 0000:00: root bus resource [io  0x0d00-0xffff window]
[    5.188828] pci_bus 0000:00: root bus resource [mem 0x000a0000-0x000bffff window]
[    5.191428] pci_bus 0000:00: root bus resource [mem 0x40000000-0xfdffffff window]
[    5.202904] pci_bus 0000:00: root bus resource [bus 00-ff]
[    5.276483] pci 0000:00:01.1: legacy IDE quirk: reg 0x10: [io  0x01f0-0x01f7]
[    5.278545] pci 0000:00:01.1: legacy IDE quirk: reg 0x14: [io  0x03f6]
[    5.280518] pci 0000:00:01.1: legacy IDE quirk: reg 0x18: [io  0x0170-0x0177]
[    5.282583] pci 0000:00:01.1: legacy IDE quirk: reg 0x1c: [io  0x0376]
[    5.314520] pci 0000:00:07.0: quirk: [io  0x4000-0x403f] claimed by PIIX4 ACPI
[    5.318846] pci 0000:00:07.0: quirk: [io  0x4100-0x410f] claimed by PIIX4 SMB
[    5.335771] ACPI: PCI Interrupt Link [LNKA] (IRQs 5 9 10 *11)
[    5.339423] ACPI: PCI Interrupt Link [LNKB] (IRQs 5 9 *10 11)
[    5.342739] ACPI: PCI Interrupt Link [LNKC] (IRQs 5 *9 10 11)
[    5.346332] ACPI: PCI Interrupt Link [LNKD] (IRQs 5 9 10 *11)
[    5.350561] ACPI: Enabled 2 GPEs in block 00 to 07
[    5.383308] vgaarb: setting as boot device: PCI:0000:00:02.0
[    5.386236] vgaarb: device added: PCI:0000:00:02.0,decodes=io+mem,owns=io+mem,locks=none
[    5.390693] vgaarb: loaded
[    5.392431] vgaarb: bridge control possible 0000:00:02.0
[    5.395739] SCSI subsystem initialized
[    5.416939] ACPI: bus type USB registered
[    5.422162] usbcore: registered new interface driver usbfs
[    5.423960] usbcore: registered new interface driver hub
[    5.425657] usbcore: registered new device driver usb
[    5.427734] PCI: Using ACPI for IRQ routing
[    5.429872] NetLabel: Initializing
[    5.431147] NetLabel:  domain hash size = 128
[    5.448717] NetLabel:  protocols = UNLABELED CIPSOv4
[    5.564164] NetLabel:  unlabeled traffic allowed by default
[    5.566294] amd_nb: Cannot enumerate AMD northbridges
[    5.568076] clocksource: Switched to clocksource kvm-clock
[    5.584448] AppArmor: AppArmor ilesystem Enabled
[    5.684958] pnp: PnP ACPI init
[    5.687201] pnp: PnP ACPI: found 3 devic

[    5.758980] clocksource: acpi_pm: mask: 0xffffff max_cycles: 0xffffff, max_idle_ns: 2085701024 ns
[    5.761988] NET: Registered protocol family 2
[    5.764009] TCP established hash table entries: 8192 (order: 4, 65536 bytes)
[    5.766220] TCP bind hash table entries: 8192 (order: 5, 131072 bytes)
[    5.768302] TCP: Hash tables configured (established 8192 bind 8192)
[    5.770371] UDP hash table entries: 512 (order: 2, 16384 bytes)
[    5.772311] UDP-Lite hash table entries: 512 (order: 2, 16384 bytes)
[    5.774391] NET: Registered protocol family 1
[    5.775994] pci 0000:00:00.0: Limiting direct PCI/PCI transfers
[    5.777911] pci 0000:00:01.0: Activating ISA DMA hang workarounds
[    5.780110] Unpacking initrams...
[   6.070439] Freeing initrd memory: 14828K
[    6.243882] clocksource: tsc: mask: 0xffffffffffffffff max_cycles: 0x2b2296bc2b9, max_idle_ns: 440795321505 ns
[    6.276129] platform rtc_cmos: registered platform RTC device (no PNP device found)
[    6.278970] Scanning for low memory corruption every 60 seconds
[    6.281569] audit: initializing netlink subsys (disabled)
[    6.283382] audit: type=2000 audit(1566495838.527:1): initialized
[    6.320081] Initialise system trusted keyring
[    6.321928] HugeTLB registered 2 MB page size, pre-allocated 0 pages
[    6.325969] zbud: loaded
[    6.327543] VFS: Disk quotas dquot_6.6
[    6.490539] VFS: Dquotcahe hash table entries: 512 (order 0, 4096 bytes)
[    6.555918] squashfs: version 4.0 (2009/01/31) Phillip Lougher

[    6.558248] fuse init (API version 7.23)
[    6.559892] Key type big_key registered
[    6.561278] Allocating IMA MOK and blacklist keyrings.
[    6.564711] Key type asymmetric registered
[    6.566147] Asymmetric key parser 'x509' registered
[    6.567795] Block layer SCSI generic (bsg) driver version 0.4 loaded (major 249)
[    6.576020] io scheduler noop registered
[    6.654313] io scheduler deadline registered (default)
[    6.656094] io scheduler cfq registered
[    6.729126] pci_hotplug: PCI Hot Plug PCI Core version: 0.5
[    6.822503] pciehp: PCI Express Hot Plug Controller Driver version: 0.4
[    6.825847] ACPI: AC Adapter [AC] (on-line)
[    6.827449] input: Power Button as /devices/LNXSYSTM:00/LNXPWRBN:00/input/input0
[    6.835538] ACPI: Power Button [PWRF]
[    6.837048] input: Sleep Button as /devices/LNXSYSTM:00/LNXSLPBN:00/input/input1
[    6.869655] ACPI: Sleep Button [SLPF]
[    6.878912] GHES: HEST is not enabled!
[    6.886966] Serial: 8250/16550 driver, 32 ports, IRQ sharing enabled
ÿ[    6.936058] 00:02: ttyS0 at I/O 0x3f8 (irq = 4, base_baud = 115200) is a 16550A
[    6.945904] Linux agpgart interface v0.103
[    6.950434] loop: module loaded
[    6.955166] scsi host0: ata_piix
[    6.956655] scsi host1: ata_piix
[    6.957963] ata1: PATA max UDMA/33 cmd 0x1f0 ctl 0x3f6 bmdma 0xd000 irq 14
[    6.960020] ata2: PATA max UDMA/33 cmd 0x170 ctl 0x376 bmdma 0xd008 irq 15
[    6.962343] libphy: Fixed MDIO Bus: probed
[    6.963983] tun: Universal TUN/TAP device driver, 1.6
[    6.965805] tun: (C) 1999-2004 Max Krasnyansky <maxk@qualcomm.com>
[    6.967831] PPP generic driver version 2.4.2
[    6.969500] ehci_hcd: USB 2.0 'Enhanced' Host Controller (EHCI) Driver
[    6.971555] ehci-pci: EHCI PCI platform driver
[    6.973179] ehci-platform: EHCI generic platform driver
[    6.974926] ohci_hcd: USB 1.1 'Open' Host Controller (OHCI) Driver
[    6.976886] ohci-pci: OHCI PCI platform driver
[    6.978519] ohci-platform: OHCI generic platform driver
[    6.984725] uhci_hcd: USB Universal Host Controller Interface driver
[    6.986822] i8042: PNP: PS/2 Controller [PNP0303:PS2K,PNP0f03:PS2M] at 0x60,0x64 irq 1,12
[    7.005933] serio: i8042 KBD port at 0x60,0x64 irq 1
[    7.007636] serio: i8042 AUX port at 0x60,0x64 irq 12
[    7.024992] mousedev: PS/2 mouse device common for all mice
[    7.027633] input: AT Translated Set 2 keyboard as /devices/platform/i8042/serio0/input/input2
[    7.046189] rtc_cmos rtc_cmos: rtc core: registered rtc_cmos as rtc0
[    7.064728] rtc_cmos rtc_cmos: alarms up to one day, 114 bytes nvram
[    7.066722] i2c /dev entries driver
[    7.164489] device-mapper: uevent: version 1.0.3
[    7.204841] device-mapper: ioctl: 4.34.0-ioctl (2015-10-28) initialised: dm-devel@redhat.com
[    7.207937] ledtrig-cpu: registered to indicate activity on CPUs
[    7.215915] NET: Registered protocol family 10
[    7.217998] NET: Registered protocol family 17
[    7.219595] Key type dns_resolver registered
[    7.224504] registered taskstats version 1
[    7.226019] Loading compiled-in X.509 certificates
[    7.228665] Loaded X.509 cert 'Build time autogenerated kernel key: 65139e04a67245b562a838c28b5e7032abdd4348'
[    7.296368] zswap: loaded using pool lzo/zbud
[    7.311186] Key type trusted registered
[    7.338672] Key type encrypted registered
[    7.354576] AppArmor: AppArmor sha1 policy hashing enabled
[    7.356485] ima: No TPM chip found, activating TPM-bypass!
[    7.358319] ima: Allocated hash algorithm: sha1
[    7.359954] evm: HMAC attrs: 0x1
[    7.361650]   Magic number: 15:154:745
[    7.363219] rtc_cmos rtc_cmos: setting system clock to 2019-08-22 17:43:57 UTC (1566495837)
[    7.366384] BIOS EDD facility v0.16 2004-Jun-25, 0 devices found
[    7.368312] EDD information not available.
[    7.375487] Freeing unused kernel memory: 1484K
[    7.388130] Write protecting the kernel read-only data: 14336k
[    7.403813] Freeing unused kernel memory: 1616K
[    7.405760] Freeing unused kernel memory: 68K
Loading, please wait...
starting version[    7.577089] random: systemd-udevd: uninitialized urandom read (16 bytes read, 2 bits of entropy available)
 229
[    7.609276] random: systemd-udevd: uninitialized urandom read (16 bytes read, 2 bits of entropy available)
[    7.619423] random: systemd-udevd: uninitialized urandom read (16 bytes read, 2 bits of entropy available)
[    7.627846] random: systemd-udevd: uninitialized urandom read (16 bytes read, 2 bits of entropy available)
[    7.629036] random: udevadm: uninitialized urandom read (16 bytes read, 2 bits of entropy available)
[    7.630370] random: udevadm: uninitialized urandom read (16 bytes read, 2 bits of entropy available)
[    7.696935] random: systemd-udevd: uninitialized urandom read (16 bytes read, 2 bits of entropy available)
[    7.701903] random: systemd-udevd: uninitialized urandom read (16 bytes read, 2 bits of entropy available)
[    7.706827] random: systemd-udevd: uninitialized urandom read (16 bytes read, 2 bits of entropy available)
[    7.717318] random: systemd-udevd: uninitialized urandom read (16 bytes read, 2 bits of entropy available)
[    7.991318] e1000: Intel(R) PRO/1000 Network Driver - version 7.3.21-k8-NAPI
[    8.009616] e1000: Copyright (c) 1999-2006 Intel Corporation.
[    8.012583] Fusion MPT base driver 3.04.20
[    8.014654] Copyright (c) 1999-2008 LSI Corporation
[    8.029610] Fusion MPT SPI Host driver 3.04.20
[    8.034271] mptbase: ioc0: Initiating bringup
[    8.113090] ioc0: LSI53C1030 A0: Capabilities={Initiator}
[    8.246053] input: ImExPS/2 Generic Explorer Mouse as /devices/platform/i8042/serio1/input/input4
[    8.285859] scsi host2: ioc0: LSI53C1030 A0, FwRev=00000000h, Ports=1, MaxQ=256, IRQ=20
[    8.401194] scsi 2:0:0:0: Direct-Access     VBOX     HARDDISK         1.0  PQ: 0 ANSI: 5
[    8.425515] scsi target2:0:0: Beginning Domain Validation
[    8.429013] scsi target2:0:0: Domain Validation skipping write tests
[    8.430996] scsi target2:0:0: Ending Domain Validation
[    8.434631] scsi target2:0:0: asynchronous
[    8.436728] scsi 2:0:1:0: Direct-Access     VBOX     HARDDISK         1.0  PQ: 0 ANSI: 5
[    8.439561] scsi target2:0:1: Beginning Domain Validation
[    8.443060] scsi target2:0:1: Domain Validation skipping write tests
[    8.460095] scsi target2:0:1: Ending Domain Validation
[    8.465366] scsi target2:0:1: asynchronous
[    8.495160] sd 2:0:0:0: Attached scsi generic sg0 type 0
[    8.501501] sd 2:0:0:0: [sda] 20971520 512-byte logical blocks: (10.7 GB/10.0 GiB)
[    8.512483] sd 2:0:1:0: Attached scsi generic sg1 type 0
[    8.515357] sd 2:0:1:0: [sdb] 20480 512-byte logical blocks: (10.5 MB/10.0 MiB)
[    8.515555] sd 2:0:1:0: [sdb] Write Protect is off
[    8.515665] sd 2:0:1:0: [sdb] Incomplete mode parameter data
[    8.515667] sd 2:0:1:0: [sdb] Assuming drive cache: write through
[    8.541672] sd 2:0:0:0: [sda] Write Protect is off
[    8.548080] sd 2:0:0:0: [sda] Incomplete mode parameter data
[    8.555481] sd 2:0:0:0: [sda] Assuming drive cache: write through
[    8.600287]  sda: sda1
[    8.605932] sd 2:0:1:0: [sdb] Attached SCSI disk
[    8.643630] sd 2:0:0:0: [sda] Attached SCSI disk
[    8.900609] e1000 0000:00:03.0 eth0: (PCI:33MHz:32-bit) 02:1e:e5:6d:71:21
[    8.907985] e1000 0000:00:03.0 eth0: Intel(R) PRO/1000 Network Connection
[    8.914240] e1000 0000:00:03.0 enp0s3: renamed from eth0
Begin: Loading essential drivers ... [   11.199414] md: linear personality registered for level -1
[   11.226182] md: multipath personality registered for level -4
[   11.252671] md: raid0 personality registered for level 0
[   11.280189] md: raid1 personality registered for level 1
[   11.383275] raid6: sse2x1   gen()  5071 MB/s
[   11.463237] raid6: sse2x1   xor()  4749 MB/s
[   11.553234] raid6: sse2x2   gen()  7935 MB/s
[   11.633207] raid6: sse2x2   xor()  6471 MB/s
[   11.713210] raid6: sse2x4   gen()  9306 MB/s
[   11.813363] raid6: sse2x4   xor()  7268 MB/s
[   11.814890] raid6: using algorithm sse2x4 gen() 9306 MB/s
[   11.816823] raid6: .... xor() 7268 MB/s, rmw enabled
[   11.818470] raid6: using ssse3x2 recovery algorithm
[   11.824276] xor: measuring software checksum speed
[   11.943208]    prefetch64-sse: 29270.000 MB/sec
[   12.033218]    generic_sse: 31753.000 MB/sec
[   12.070238] xor: using function: generic_sse (31753.000 MB/sec)
[   12.086845] async_tx: api initialized (async)
[   12.143126] md: raid6 personality registered for level 6
[   12.146374] md: raid5 personality registered for level 5
[   12.149706] md: raid4 personality registered for level 4
[   12.210859] md: raid10 personality registered for level 10
done.
Begin: Running /scripts/init-premount ... done.
Begin: Mounting root file system ... Begin: Running /scripts/local-top ... done.
Begin: Running /scripts/local-premount ... [   12.365552] Btrfs loaded
Scanning for Btrfs filesystems
done.
Warning: fsck not present, so skipping root file system
[   12.596951] EXT4-fs (sda1): mounted filesystem with ordered data mode. Opts: (null)
done.
Begin: Running /scripts/local-bottom ... done.
Begin: Running /scripts/init-bottom ... done.
[   13.442949] systemd[1]: systemd 229 running in system mode. (+PAM +AUDIT +SELINUX +IMA +APPARMOR +SMACK +SYSVINIT +UTMP +LIBCRYPTSETUP +GCRYPT +GNUTLS +ACL +XZ -LZ4 +SECCOMP +BLKID +ELFUTILS +KMOD -IDN)
[   13.478819] systemd[1]: Detected virtualization oracle.
[   13.480535] systemd[1]: Detected architecture x86-64.
[   13.499667] random: nonblocking pool is initialized

Welcome to [1mUbuntu 16.04.6 LTS[0m!

[   13.516543] systemd[1]: Set hostname to <ubuntu>.
[   13.533451] systemd[1]: Initializing machine ID from random generator.
[   13.535523] systemd[1]: Installed transient /etc/machine-id file.
[  14.722668] systemd[1]: Reached target System Time Synchronized.
[[0;32m  OK  [0m] Reached target System Time Synchronized.
[   14.757315] systemd[1]: StartedTrigger resolvconf update for networkd DNS.
[[0;32m  OK  [0m] Started Trigger resolvconf update for networkd DNS.
[   15.164966] systemd[1]: Created slice System Slice.
[[0;32m  OK  [0m] Created slice System Slice.
[   15.168968] systemd[1]: Set up automount Arbitrary Executable File Formats File System Automount Point.
[[0;32m  OK  [0m] Set up automount Arbitrary Executab...ats File System Automount Point.
[   15.174325] systemd[1]: Listening on LVM2 metadata daemon socket.
[[0;32m  OK  [0m] Listening on LVM2 metadata daemon socket.
[   15.178237] systemd[1]: Listening on Journal Audit Socket.
[[0;32m  OK  [0m] Listening on Journal Audit Socket.
[   15.181895] systemd[1]: Listening on udev Control Socket.
[[0;32m  OK  [0m] Listening on udev Control Socket.
[   15.186344] systemd[1]: Created slice system-serial\x2dgetty.slice.
[[0;32m  OK  [0m] Created slice system-serial\x2dgetty.slice.
[   15.190231] systemd[1]: Listening on udev Kernel Socket.
[[0;32m  OK  [0m] Listening on udev Kernel Socket.
[   15.263987] systemd[1]: Reached target Encrypted Volumes.
[[0;32m  OK  [0m] Reached target Encrypted Volumes.
[   15.267726] systemd[1]: Listening on Device-mapper event daemon FIFOs.
[[0;32m  OK  [0m] Listening on Device-mapper event daemon FIFOs.
[   15.271910] systemd[1]: Listening on Journal Socket.
[[0;32m  OK  [0m] Listening on Journal Socket.
[   15.289306] systemd[1]: Starting Remount Root and Kernel File Systems...
         Starting Remount Root and Kernel File Systems...
[   15.336636] systemd[1]: Starting Set console keymap...
         Starting Set console keymap...
[   15.356241] EXT4-fs (sda1): re-mounted. Opts: (null)
[   15.393984] systemd[1]: Starting Nameserver information manager...
         Starting Nameserver information manager...
[   15.437660] systemd[1]: Mounting POSIX Message Queue File System...
         Mounting POSIX Message Queue File System...
[   15.509342] systemd[1]: Listening on Journal Socket (/dev/log).
[[0;32m  OK  [0m] Listening on Journal Socket (/dev/log).
[   15.538735] systemd[1]: Started Forward Password Requests to Wall Directory Watch.
[[0;32m  OK  [0m] Started Forward Password Requests to Wall Directory Watch.
[   15.570538] systemd[1]: Starting Create list of required static device nodes for the current kernel...
         Starting Create list of required st... nodes for the current kernel...
[   15.667169] systemd[1]: Starting Load Kernel Modules...
         Starting Load Kernel Modules...
[   15.713222] systemd[1]: Reached target User and Group Name Lookups.
[[0;32m  OK  [0m] Reached target User and Group Name Lookups.
[   15.750864] systemd[1]: Listening on LVM2 poll daemon socket.
[[0;32m  OK  [0m] Listening on LVM2 poll daemon socket.
[   15.757849] systemd[1]: Created slice User and Session Slice.
[[0;32m  OK  [0m] Created slice User and Session Slice.
[   15.763643] systemd[1]: Reached target Slices.
[[0;32m  OK  [0m] Reached target Slices.
[   15.768569] Loading iSCSI transport class v2.0-870.
[   15.789067] systemd[1]: Mounting Debug File System...
         Mounting Debug File System...
[   15.802061] iscsi: registered transport (tcp)
[   15.805001] systemd[1]: Mounting Huge Pages File System...
         Mounting Huge Pages File System...
[   15.831501] systemd[1]: Listening on Syslog Socket.
[[0;32m  OK  [0m] Listening on Syslog Socket.
[   15.861084] systemd[1]: Starting Journal Service...
         Starting Journal Service...
[   15.909242] systemd[1]: Starting Monitoring of LVM2 mirrors, snapshots etc. using dmeventd or progress polling...
         Starting Monitoring of LVM2 mirrors... dmeventd or progress polling...
[   15.942628] systemd[1]: Listening on /dev/initctl Compatibility Named Pipe.
[[0;32m  OK  [0m] Listening on /dev/initctl Compatibility Named Pipe.
[   15.970299] systemd[1]: Starting Uncomplicated firewall...
         Starting Uncomplicated firewall...
[   15.992990] systemd[1]: Reached target Swap.
[[0;32m  OK  [0m] Reached target Swap.
[   16.031458] systemd[1]: Mounted POSIX Message Queue File System.
[[0;32m  OK  [0m] Mounted POSIX Message Queue File System.
[   16.073083] systemd[1]: Mounted Huge Pages File System.
[[0;32m  OK  [0m] Mounted Huge Pages File System.
[   16.108556] systemd[1]: Mounted Debug File System.
[[0;32m  OK  [0m] Mounted Debug File System.
[   16.124003] systemd[1]: Started Remount Root and Kernel File Systems.
[[0;32m  OK  [0m] Started Remount Root and Ker[   16.133786] iscsi: registered transport (iser)
nel File Systems.
[   16.210008] systemd[1]: Started Set console keymap.
[[0;32m  OK  [0m] Started Set console keymap.
[   16.245389] systemd[1]: Started Create list of required static device nodes for the current kernel.
[[0;32m  OK  [0m] Started Create list of required sta...ce nodes for the current kernel.
[   16.260159] systemd[1]: Started Load Kernel Modules.
[[0;32m  OK  [0m] Started Load Kernel Modules.
[   16.271258] systemd[1]: Started Uncomplicated firewall.
[[0;32m  OK  [0m] Started Uncomplicated firewall.
[   16.297529] systemd[1]: Started Nameserver information manager.
[[0;32m  OK  [0m] Started Nameserver information manager.
[   16.337525] systemd[1]: Started Journal Service.
[[0;32m  OK  [0m] Started Journal Service.
[[0;32m  OK  [0m] Started LVM2 metadata daemon.
         Starting Apply Kernel Variables...
         Mounting FUSE Control File System...
         Starting Create Static Device Nodes in /dev...
         Starting Flush Journal to Persistent Storage...
         Starting Load/Save Random Seed...
         Starting udev Coldplug all Devices...
[[0;32m  OK  [0m] Mounted FUSE Control File System.
[[0;32m  OK  [0m] Started Apply Kernel Variables.
[[0;32m  OK  [0m] Started Monitoring of LVM2 mirrors,...ng dmeventd or progress polling.
[[0;32m  OK  [0m] Started Load/Save Random Seed.
[[0;32m  OK  [0m] Started Create Static Device Nodes in /dev.
         Starting udev Kernel Device Manager...
[[0;32m  OK  [0m] Reached target Local File Systems (Pre).
[[0;32m  OK  [0m] Reached target Local File Systems.
         Starting Set console font and keymap...
         Starting LSB: AppArmor initialization...
         Starting Commit a transient machine-id on disk...
         Starting Tell Plymouth To Write Out Runtime Data...
         Starting Initial cloud-init job (pre-networking)...
[[0;32m  OK  [0m] Started Flush Journal to Persistent Storage.
[[0;32m  OK  [0m] Started Tell Plymouth To Write Out Runtime Data.
[[0;32m  OK  [0m] Started Commit a transient machine-id on disk.
         Starting Create Volatile Files and Directories...
[[0;32m  OK  [0m] Started udev Kernel Device Manager.
[[0;32m  OK  [0m] Started Create Volatile Files and Directories.
         Starting Update UTMP about System Boot/Shutdown...
[[0;32m  OK  [0m] Started udev Coldplug all Devices.
[[0;32m  OK  [0m] Started Dispatch Password Requests to Console Directory Watch.
[[0;32m  OK  [0m] Started Update UTMP about System Boot/Shutdown.
[[0;32m  OK  [0m] Found device /dev/ttyS0.
[[0;32m  OK  [0m] Listening on Load/Save RF Kill Switch Status /dev/rfkill Watch.
[[0;32m  OK  [0m] Started LSB: AppArmor initialization.
[   19.111811] cloud-init[468]: Cloud-init v. 19.1-1-gbaa47854-0ubuntu1~16.04.1 running 'init-local' at Thu, 22 Aug 2019 17:44:12 +0000. Up 17.45 seconds.
[[0;32m  OK  [0m] Started Initial cloud-init job (pre-networking).
[[0;32m  OK  [0m] Reached target Network (Pre).
         Starting Raise network interfaces...
[[0;32m  OK  [0m] Started Set console font and keymap.
[[0;32m  OK  [0m] Created slice system-getty.slice.
[[0;32m  OK  [0m] Started Raise network interfaces.
[[0;32m  OK  [0m] Reached target Network.
         Starting Initial cloud-init job (metadata service crawler)...
[   25.098995] cloud-init[940]: Cloud-init v. 19.1-1-gbaa47854-0ubuntu1~16.04.1 running 'init' at Thu, 22 Aug 2019 17:44:17 +0000. Up 22.48 seconds.
[   25.203190] cloud-init[940]: ci-info: ++++++++++++++++++++++++++++++++++++++Net device info++++++++++++++++++++++++++++++++++++++
[   25.210129] cloud-init[940]: ci-info: +--------+------+----------------------------+---------------+--------+-------------------+
[   25.225023] cloud-init[940]: ci-info: | Device |  Up  |          Address           |      Mask     | Scope  |     Hw-Address    |
[   25.234376] cloud-init[940]: ci-info: +--------+------+----------------------------+---------------+--------+-------------------+
[[0;32m  OK  [0m] Started Initial cloud-init job (metadata service crawler).
[   25.320711] cloud-init[940]: ci-info: | enp0s3 | True |         10.0.2.15          | 255.255.255.0 | global | 02:1e:e5:6d:71:21 |
[   25.340581] cloud-init[940]: ci-info: | enp0s3 | True | fe80::1e:e5ff:fe6d:7121/64 |       .       |  link  | 02:1e:e5:6d:71:21 |
[   25.340996] cloud-init[940]: ci-info: |   lo   | True |         127.0.0.1          |   255.0.0.0   |  host  |         .         |
[[0;32m  OK  [0m] Reached target System Initialization.
[   25.341654] cloud-init[940]: ci-info: |   lo   | True |          ::1/128           |       .       |  host  |         .         |
[   25.358159] cloud-init[940]: ci-info: +--------+------+----------------------------+---------------+--------+-------------------+
[   25.376497] cloud-init[940]: ci-info: +++++++++++++++++++++++++++Route IPv4 info++++++++++++++++++++++++++++
         Starting LXD - unix socket.
[   25.377218] cloud-init[940]: ci-info: +-------+-------------+----------+---------------+-----------+-------+
[[   25.396051] cloud-init[940]: ci-info: | Route | Destination | Gateway  |    Genmask    | Interface | Flags |
[0;32m  OK  [0m] Listening on ACPID Listen Socket.
[   25.396837] cloud-init[940]: ci-info: +-------+-------------+----------+---------------+-----------+-------+
[   25.429585] cloud-init[940]: ci-info: |   0   |   0.0.0.0   | 10.0.2.2 |    0.0.0.0    |   enp0s3  |   UG  |
[[0;32m  OK  [0m] Started ACPI Events Check.
[   25.430194] cloud-init[940]: ci-info: |   1   |   10.0.2.0  | 0.0.0.0  | 255.255.255.0 |   enp0s3  |   U   |
[[0;32m  OK  [0m] Reached target Paths.
[   25.435223] cloud-init[940]: ci-info: +-------+-------------+----------+---------------+-----------+-------+
[   25.444546] cloud-init[940]: ci-info: +++++++++++++++++++Route IPv6 info+++++++++++++++++++
[   25.447199] cloud-init         Starting Socket activation for snappy daemon.
[940]: ci-info: +-------+-------------+---------+-----------+-------+
[   25.452353] [cloud-init[0;32m  OK  [0m[940]: ] ci-info: | Route | Destination | Gateway | Interface | Flags |Started Daily Cleanup of Temporary Directories.

[   25.457581] cloud-init[940]: [ci-info: +-------+-------------+---------+-----------+-------+[0;32m  OK  [0m
] Listening on UUID daemon activation socket.
[   25.458217] cloud-init[940]: ci-info: |   0   |  fe80::/64  |    ::   |   enp0s3  |   U   |
[   25.471341] [cloud-init[0;32m  OK  [0m[940]: ] ci-info: |   4   |   ff00::/8  |    ::   |   enp0s3  |   U   |Started Daily apt download activities.

[   25.471995] [cloud-init[0;32m  OK  [0m[940]: ] ci-info: +-------+-------------+---------+-----------+-------+Started Daily apt upgrade and clean activities.

[   25.481588] cloud-init[940]: Generating public/private rsa key pair.[
[0;32m  OK  [0m] Reached target Timers.
[   25.494210] [cloud-init[0;32m  OK  [0m[940]: ] Your identification has been saved in /etc/ssh/ssh_host_rsa_key.Listening on D-Bus System Message Bus Socket.

[   25.502062] [[0;32m  OK  [0m] Reached target Cloud-config availability.
[[0;32m  OK  [0m] Reached target Network is Online.
cloud-init[940]: Your public key has been saved in /etc/ssh/ssh_host_rsa_key.pub.
[   25.528021] cloud-init[940]: The key fingerprint is:
[   25.530790] cloud-init[940]: SHA256:QieT9oDUcIO/8vvFRskDMGQELEQNdIFLBH7qJ6UwbHU root@ubuntu-xenial
[   25.535314] cloud-init[940]: The key's randomart image is:
[   25.560502] cloud-init[940]: +---[RSA 2048]----+
[   25.565409]          cloud-initStarting iSCSI initiator daemon (iscsid)...[940]: 
|.**=*OO          |
[   25.575064] [[0;32m  OK  [0m] Listening on LXD - unix socket.
cloud-init[940]: |. +o++.=         |
[[0;32m  OK  [0m] Listening on Socket activation for snappy daemon.
[   25.602107] cloud-init[940]: | o =.EB o        |
[   25.612688] cloud-init[940]: |. = .o.* o .     |
[   25.615447] cloud-init[940]: |o+ .  ..S =      |
[[0;32m  OK  [0m] Reached target Sockets.
[   25.616479] [cloud-init[0;32m  OK  [0m[940]: ] |+.o . .. o .     |Reached target Basic System.

[   25.627222] cloud-init[940]: | + . o    +      |
[   25.664768]          Starting Virtualbox guest utils...
cloud-init[940]: |  o   .  o       |
[   25.690773] cloud-init[940]: |      .o.        |
         Starting Accounts Service...
[   25.700496] cloud-init[940]: +----[SHA256]-----+
[   25.726759] cloud-init[940]: Generating public/private dsa key pair.
[   25.736828] cloud-init[940]: Your identification has been saved in /etc/ssh/ssh_host_dsa_key.[[0;32m  OK  [0m] Started ACPI event daemon.

[   25.744908] cloud-init[940]: Your public key has been saved in /etc/ssh/ssh_host_dsa_key.pub.
[   25.768301] cloud-init[940]: The key fingerprint is:
[   25.769542] cloud-init[940]: SHA256:LS/IdJuCw6VYIISA2dly4/VH6HRr1OAXdwiJnAkBRkU root@ubuntu-xenial
[   25.770020] cloud-init[940]: The key's randomart image is:
[   25.770324] cloud-init[940]: +---[DSA 1024]----+
[   25.770684] cloud-init[940]: |=+ o .++E=.*oo...|
[   25.771008] cloud-init[940]: |= + +.. o.O oo.. |
[   25.771278] cloud-init[940]: |. .+ o + +...    |
[   25.771552] cloud-init[940]: | . ..   o.+.     |
[   25.771834] cloud-init[940]: |    . o So.      |
         Starting LSB: MD monitoring daemon...
[   25.788008] cloud-init[940]: |   + * o =       |
[   25.865860] cloud-init[940]: |  . = + + .      |
[   25.884759]          cloud-initStarting LSB: Record successful boot for GRUB...[940]: 
|     . . .       |
         Starting Pollinate to seed the pseudo random number generator...
[   25.916755] cloud-init[940]: |                 |
[   25.932134] cloud-init[940]: +----[SHA256]-----+
[   25.940295] cloud-init[940]: Generating public/private ecdsa key pair.
         Starting System Logging Service...
[   25.963477] cloud-init[940]: Your identification has been saved in /etc/ssh/ssh_host_ecdsa_key.
[   26.019286]          cloud-initStarting /etc/rc.local Compatibility...[940]: 
Your public key has been saved in /etc/ssh/ssh_host_ecdsa_key.pub.
         Starting Login Service...
[   26.076240] cloud-init[940]: The key fingerprint is:
[   26.115081] cloud-init[940]: SHA256:jsI33H+yLBgZ4s89eTq/rSUetgb1IfwYwGXrNBxqIEQ root@ubuntu-xenial
[   26.145520] cloud-init[940]: The key's randomart image is:
[   26.153481] [[0;32m  OK  [0m] Started D-Bus System Message Bus.
cloud-init[940]: +---[ECDSA 256]---+
[   26.159180] cloud-init[940]: |   oE .. .+      |
[   26.169900] cloud-init[940]: |     . .o+ o     |
[   26.172100] cloud-init[940]: |        oo=      |
[   26.174054] cloud-init[940]: |    . .. o=..    |
[   26.176021] cloud-init[940]: |   . . oS..* .   |
[   26.178984] cloud-init[940]: |   ...o+. . o    |
[   26.180966] cloud-init[940]: |    oo=+oo+ .    |
[   26.183111] cloud-init[940]: |     o+.*=+*.    |
[   26.185093] cloud-init[940]: |        .OX*.    |
[   26.187062] cloud-init[940]: +----[SHA256]-----+
[   26.189729] cloud-init[940]: Generating public/private ed25519 key pair.
[   26.191972] cloud-init[940]: Your identification has been saved in /etc/ssh/ssh_host_ed25519_key.
[   26.201388] cloud-init[940]: Your public key has been saved in /etc/ssh/ssh_host_ed25519_key.pub.
[   26.210600] cloud-init[940]: The key fingerprint is:
[   26.228589] cloud-init[940]: SHA256:ZxVcoge11LrDs0om97YCj0dUDJU3sPdiBhpfhoJAAr0 root@ubuntu-xenial
[   26.237072] cloud-init[940]: The key's randomart image is:
[   26.244492] cloud-init[940]: +--[ED25519 256]--+
[   26.257320] cloud-init[940]: |  .o..o   o*B=.  |
[   26.264483] cloud-init[940]: |    .. . . +=*+  |
[   26.285951] cloud-init[940]: |     .  . +.Bo+. |
[   26.328574] cloud-init[940]: |    E     .B.= . |
[   26.336939] cloud-init[940]: |        S.+...+ .|
[   26.345167] cloud-init[940]: |        .o. =o . |
[   26.364884] cloud-init[940]: |        .=+  +   |
[   26.388871] cloud-init[940]: |        .=+.o    |
[[0;32m  OK  [0m] Started Deferred execution scheduler.
[   26.430648] cloud-init[940]: |         ..+o.   |
[   26.455465] cloud-init[940]: +----[SHA256]-----+
[[0;32m  OK  [0m] Started Regular background program processing daemon.
[[0;32m  OK  [0m] Started FUSE filesystem for LXC.
         Starting Snappy daemon...
         Starting LXD - container startup/shutdown...
[[0;32m  OK  [0m] Started System Logging Service.
[[0;32m  OK  [0m] Started /etc/rc.local Compatibility.
[[0;32m  OK  [0m] Started iSCSI initiator daemon (iscsid).
[[0;32m  OK  [0m] Started Login Service.
[[0;32m  OK  [0m] Started Unattended Upgrades Shutdown.
         Starting Authenticate and Authorize Users to Run Privileged Tasks...
         Starting Login to default iSCSI targets...
[[0;32m  OK  [0m] Started LSB: MD monitoring daemon.
[[0;32m  OK  [0m] Started LSB: Record successful boot for GRUB.
[[0;32m  OK  [0m] Started Authenticate and Authorize Users to Run Privileged Tasks.
[[0;32m  OK  [0m] Started Login to default iSCSI targets.
[[0;32m  OK  [0m] Reached target Remote File Systems (Pre).
[[0;32m  OK  [0m] Reached target Remote File Systems.
         Starting LSB: daemon to balance interrupts for SMP systems...
         Starting Permit User Sessions...
         Starting LSB: automatic crash report generation...
         Starting LSB: Set the CPU Frequency Scaling governor to "ondemand"...
[[0;32m  OK  [0m] Started Accounts Service.
[[0;32m  OK  [0m] Started Permit User Sessions.
         Starting Terminate Plymouth Boot Screen...
         Starting Hold until boot process finishes up...
[[0;32m  OK  [0m] Started Terminate Plymouth Boot Screen.
[[0;32m  OK  [0m] Started Virtualbox guest utils.
[[0;32m  OK  [0m] Started Hold until boot process finishes up.
[[0;32m  OK  [0m] Started Serial Getty on ttyS0.
         Starting Set console scheme...
[[0;32m  OK  [0m] Started Getty on tty1.
[[0;32m  OK  [0m] Reached target Login Prompts.
[[0;32m  OK  [0m] Started LXD - container startup/shutdown.
[[0;32m  OK  [0m] Started Set console scheme.
[[0;32m  OK  [0m] Started LSB: Set the CPU Frequency Scaling governor to "ondemand".
[[0;32m  OK  [0m] Started LSB: automatic crash report generation.
[[0;32m  OK  [0m] Started LSB: daemon to balance interrupts for SMP systems.
[[0;32m  OK  [0m] Started Pollinate to seed the pseudo random number generator.
         Starting OpenBSD Secure Shell server...
[[0;32m  OK  [0m] Started Snappy daemon.
         Starting Wait until snapd is fully seeded...
[[0;32m  OK  [0m] Started OpenBSD Secure Shell server.
[[0;32m  OK  [0m] Created slice User Slice of vagrant.
[[0;32m  OK  [0m] Started Session 1 of user vagrant.
         Starting User Manager for UID 1000...
[[0;32m  OK  [0m] Started User Manager for UID 1000.
[[0;32m  OK  [0m] Started Wait until snapd is fully seeded.
[[0;32m  OK  [0m] Reached target Multi-User System.
[[0;32m  OK  [0m] Reached target Graphical Interface.
         Starting Update UTMP about System Runlevel Changes...
         Starting Apply the settings specified in cloud-config...
[[0;32m  OK  [0m] Started Update UTMP about System Runlevel Changes.

Ubuntu 16.04.6 LTS ubuntu-xenial ttyS0

ubuntu-xenial login: [   36.021113] cloud-init[1380]: Generating locales (this might take a while)...
[   39.301971] cloud-init[1380]:   en_US.UTF-8... done
[   39.308344] cloud-init[1380]: Generation complete.
[   41.362770] cloud-init[1380]: Cloud-init v. 19.1-1-gbaa47854-0ubuntu1~16.04.1 running 'modules:config' at Thu, 22 Aug 2019 17:44:30 +0000. Up 35.28 seconds.
ci-info: no authorized ssh keys fingerprints found for user ubuntu.
<14>Aug 22 17:44:38 ec2: 
<14>Aug 22 17:44:38 ec2: #############################################################
<14>Aug 22 17:44:38 ec2: -----BEGIN SSH HOST KEY FINGERPRINTS-----
<14>Aug 22 17:44:38 ec2: 1024 SHA256:LS/IdJuCw6VYIISA2dly4/VH6HRr1OAXdwiJnAkBRkU root@ubuntu-xenial (DSA)
<14>Aug 22 17:44:38 ec2: 256 SHA256:jsI33H+yLBgZ4s89eTq/rSUetgb1IfwYwGXrNBxqIEQ root@ubuntu-xenial (ECDSA)
<14>Aug 22 17:44:38 ec2: 256 SHA256:ZxVcoge11LrDs0om97YCj0dUDJU3sPdiBhpfhoJAAr0 root@ubuntu-xenial (ED25519)
<14>Aug 22 17:44:38 ec2: 2048 SHA256:QieT9oDUcIO/8vvFRskDMGQELEQNdIFLBH7qJ6UwbHU root@ubuntu-xenial (RSA)
<14>Aug 22 17:44:38 ec2: -----END SSH HOST KEY FINGERPRINTS-----
<14>Aug 22 17:44:38 ec2: #############################################################
-----BEGIN SSH HOST KEY KEYS-----
ecdsa-sha2-nistp256 AAAAE2VjZHNhLXNoYTItbmlzdHAyNTYAAAAIbmlzdHAyNTYAAABBBGKLRVDnFvtkQ13hc584Of32BUvSoWVPvnlIND2mlScjjmFEPY1Duk9ZMXCIQTR22w/WoFJZo65iy5uzPuhEnkA= root@ubuntu-xenial
ssh-ed25519 AAAAC3NzaC1lZDI1NTE5AAAAIGkU/UKLJZoHH6vROXf9nQotYPBaf5wiZsYWuLy7iSoM root@ubuntu-xenial
ssh-rsa AAAAB3NzaC1yc2EAAAADAQABAAABAQDHp7rKxMGnDNykQ3B8XZl9ikXK91RiD2DdtZyz0OTh7w6SRGbE3WpHbcnzCyUelG5l7/8AOdaqJrtNKlawgt+Pmb/gviKsfAckSNJR8SwQI8OBG9pe+u+tOek7SHrg1+8DvBvGjirY1v6/gXUqv0bkXA0gJ8FkEPqL3GkquchAZuYQ7biMFibkoJAFrbCG8wSmdqF33xYM0NUT3yFl3i8Rz7GYBNxR4GdEA/Zun779D+SrlZIX+khllhfwach2m9DlQavnxXxTHYQ1EUwupcenh86Lz8MMZuNTCkFjBRamJ2CKCGijzjW9ZCuGa8VwyJF/JIG/6X7JaO0BW2djyWcj root@ubuntu-xenial
-----END SSH HOST KEY KEYS-----
[   43.094569] cloud-init[1573]: Cloud-init v. 19.1-1-gbaa47854-0ubuntu1~16.04.1 running 'modules:final' at Thu, 22 Aug 2019 17:44:37 +0000. Up 42.53 seconds.
[   43.095307] cloud-init[1573]: ci-info: no authorized ssh keys fingerprints found for user ubuntu.
[   43.095919] cloud-init[1573]: Cloud-init v. 19.1-1-gbaa47854-0ubuntu1~16.04.1 finished at Thu, 22 Aug 2019 17:44:38 +0000. Datasource DataSourceNoCloud [seed=/dev/sdb][dsmode=net].  Up 43.06 seconds
