[    0.000000] Initializing cgroup subsys cpuset
[    0.000000] Initializing cgroup subsys cpu
[    0.000000] Initializing cgroup subsys cpuacct
[    0.000000] Linux version 4.4.0-154-generic (buildd@lgw01-amd64-049) (gcc version 5.4.0 20160609 (Ubuntu 5.4.0-6ubuntu1~16.04.10) ) #181-Ubuntu SMP Tue Jun 25 05:29:03 UTC 2019 (Ubuntu 4.4.0-154.181-generic 4.4.179)
[    0.000000] Command line: BOOT_IMAGE=/boot/vmlinuz-4.4.0-154-generic root=LABEL=cloudimg-rootfs ro console=tty1 console=ttyS0
[    0.000000] KERNEL supported cpus:
[    0.000000]   Intel GenuineIntel
[    0.000000]   AMD AuthenticAMD
[    0.000000]   Centaur CentaurHauls
[    0.000000] x86/fpu: Legacy x87 FPU detected.
[    0.000000] e820: BIOS-provided physical RAM map:
[    0.000000] BIOS-e820: [mem 0x0000000000000000-0x000000000009fbff] usable
[    0.000000] BIOS-e820: [mem 0x000000000009fc00-0x000000000009ffff] reserved
[    0.000000] BIOS-e820: [mem 0x00000000000f0000-0x00000000000fffff] reserved
[    0.000000] BIOS-e820: [mem 0x0000000000100000-0x000000003ffeffff] usable
[    0.000000] BIOS-e820: [mem 0x000000003fff0000-0x000000003fffffff] ACPI data
[    0.000000] BIOS-e820: [mem 000000000fec00000-0x00000000fec00fff] reserved
[    0.000000] BIOS-e820: [mem 0x0000000fee00000-0x00000000fee00fff] reserved
[    0.0000] BIOS-e820: [mem 0x00000000fffc0000-0x00000000ffffffff] reserved
[    0.000000] NX (Execute Disable) protection: active
[    0.000000] SMBIOS 2.5 present.
[    0.0000] Hypervisor detected: KVM
[    0.000000] e820: last_pfn = 0x3fff0 max_arch_pfn = 0x400000000
[    0.000000] MTRR: Disabled
[    0.000000] x86/PAT: MTRRs disabled, skipping PAT initialization too.
[    0.000000] CPU MTRRs all blank - virtualize syste.
[    0.000000] x86/PAT: Configuration [0-7]: WB  WT  UC- UC  WB  WT  UC- UC  
[    0.000000] found SMP MP-table at [mem 0x0009fff0-0x0009ffff] mapped at [ffff88000009fff0]
[    0.000000] Scanning 1 areas for low memory corruption
[    0.000000 RAMDISK: mem 0x362fa000-0x37174fff]
[    0.000000] ACPI: Early table checksum verification disabled
[    0.000000] ACPI: RSDP 0x00000000000E0000 000024 (v02 VBOX  )
[    0.000000] ACPI: XSDT 0x000000003FFF0030 00003C (v01 VBOX   VBOXXSDT 00000001 ASL  00000061)
[    0.000000] ACPI: FACP 0x000000003FFF00F0 0000F4 (v04 VBOX   VBOXFACP 00000001 ASL  0000061)
[    0.000000] ACPI: DSDT 0x000000003FFF0470 0021FF (v02 VBOX   VBOXBIOS 00000002 INTL 20180105)
[    0.000000] ACPI: FACS 0x000000003FFF0200 000040
[    0.000000] ACPI: FACS 0x000000003FFF0200 000040
[    0.000000] ACPI: APIC 0x000000003FFF0240 00005C (v02 VBOX   VBOXAPIC 00000001 ASL  00000061)
[    0.000000] ACPI: SSDT 0x000000003FFF02A0 0001CC (v01 VBOX   VBOXCPUT 00000002 INTL 20180105)
[    0.000000] No NUMA configuration found
[    0.000000] Faking a node at [mem 0x0000000000000000-0x000000003ffeffff]
[    0.000000] NODE_DATA(0) allocated [mem 0x3ffeb000-0x3ffeffff]
[    0.000000] kvm-clock: Using msrs 4b564d01 and 4b564d00
[    0.000000] kvm-clock: cpu 0, msr 0:3ffe3001, primary cpu clock
[    0.000000] kvm-clock: using sched offset of 7794161286 cycles
[    0.000000] clocksource: kvm-clock: mask: 0xffffffffffffffff max_cycles: 0x1cd42e4dffb, max_idle_ns: 881590591483 ns
[    0.000000] Zone rges:
[    0.000000]   DMA      [mem 0x0000000000001000-0x0000000000ffffff]
[    0.000000]   DMA32    [mem 0x000000001000000-0x000000003ffeffff]
[    0.000000]   Normal   empty
[    0.000000]   Device   empty
[    0.000000] Movable zone start for each node
[    0.000000] Early memory node ranges
[    0.000000]   node   0: [mem 0x0000000000001000-0x000000000009efff]
[    0.000000]   node   0: [mem 0x0000000000100000-0x000000003ffeffff]
[    0.000000] Initmem setup node 0 [mem 0x0000000000001000-0x000000003ffeffff]
[    0.000000] ACPI: PM-Timer IO Port: 0x4008
[    0.000000] IOAPIC[0]: apic_id 2, version 32, address 0xfec00000, GSI 0-23
[    0.000000] ACPI: INT_SRC_OVR (bus 0 bus_irq 0 global_irq 2 dfl dfl)
[    0.000000] ACPI: INT_SRC_OVR (bus 0 bus_irq 9 global_irq 9 low level)
[    0.000000] sing ACP (MADT) for SMP configuration information
[    0.000000] smpboot: Allowing 2 CPUs, 0 hotplug CPUs
[    0.000000] PM: Registered nosave memory: [mem 0x00000000-0x00000fff]
[    0.000000] PM: Registered nosave memory [mem 0x0009f000-0x0009fffff][    0.000000] PM: Registered nosave memory: [mem 0x000a0000-0x000effff]
[    0.000000] PM: Registered nosave memory: [mem 0x000f0000-0x000fffff
[    0.000000] e820: [mem 0x40000000-0xfebfffff] available for PCI devices
[    0.000000] Booting paravirtualized kernel on KVM
[   0.00000] clocksource: refined-jiffies: mask: 0xffffffff max_cycles: 0xffffffff, max_idle_ns: 76451960211568 ns
[    0.000000] setup_percpu: NR_CPUS:512 nr_cpumask_bits:512 nr_cpu_ids:2 nr_node_ids:1
[    0.000000] PERCPU:Embeddd 34 pges/cpu ffff8003fc00000 s99480 r8192 d31592 u1048576
[    0.000000] Built 1 zonelists in Node order, mobilty grouping on.  Total pages: 257912
[    0.000000] Policy zone: DMA32
[    0.000000] Kernel command line: BOOT_IMAGE=/boot/vmlinuz-4.4.0-154-generic root=LABEL=cloudimg-rootfs ro console=tty1 console=ttyS0
[    0.00000] PID hash table entriies: 4096 (order: 3, 32768 bytes)
[    0.000000] Memory: 99773K/1048120K available (8613K kernel code 1335K rwdata, 4028K rodata, 1484K init, 1284K bss, 50388K reserved,0K cma-reserved)
[    0.000000] SLUB: HWalign=64, Order=0-3, MinObjects=0, CPUs=2, Nodes=1
[    0.000000] Kernel/User page tables isolation: enabled
[    0.000000] Hierarchical RCU implementation.
[    0.000000] 	Build-time adjustment of leaf fanout to 64.
[   0.000000] RCU restricting CPUs from NR_CPUS=512 to nr_cpu_ids=2.
[    0.000000] RCCU:Adjusting geometry for rcu_fanout_leaf=64, nr_cpu_ids=2
[    0.000000] NR_IRQS:33024 nr_irqs:440 16
[    0.000000] Console: colour VGA+ 80x25
[    0.000000] console [tty1] enabled
[    0.000000] console [ttyS0] enabled
[    0.000000] tsc: Detected 2992.498 MHz processor
[    1.427206] Calibrating delay loop (skipped) preset value.. 5984.99 BogoMIPS (lpj=11969992)
[    1.430086] pid_max: default: 32768 minimum: 301
[    1.431655] ACPI: Core revision 20150930
[    1.434314] ACPI: 2 ACPI AML tables successfully acquired and loaded
[    1.436461] Security Framework initialized
[    1.437880] Yama: becoming mindful.
[    1.439244] AppArmor: AppArmor initialized
[    1.440824] Dentry cache hash table entries: 131072 (order: 8, 1048576 bytes)
[    1.443487] Inode-cache hash table entries: 65536 (order: 7, 524288 bytes)
[    1.485724] Mount-cache hash table entries: 2048 (order: 2, 16384 bytes)
[    1.487719] Mountpoint-cache hash table entries: 2048 (order: 2, 16384 bytes)
[    1.490608] Initializing cgroup subsys io
[    1.492021] Initializing cgroup subsys memory
[    1.493556] Initializing cgroup subsys devices
[    1.495072] Initializing cgroup subsys freezer
[    1.496568] Initializing cgroup subsys net_cls
[    1.498100] Initializing cgroup subsys perf_event
[    1.499689] Initializing cgroup subsys net_prio
[    1.501283] Initializing cgroup subsys hugetlb
[    1.502829] Initializing cgroup subsys pids
[    1.565784] mce: CPU supports 0 MCE banks
[    1.645862] Last level iTLB entries: 4KB 128, 2MB 4, 4MB 4
[    1.726501] Last level dTLB entries: 4KB 256, 2MB 0, 4MB 32, 1GB 0
[    1.827551] Spectre V2 : Mitigation: Full generic retpoline
[    1.866269] Spectre V2 : Spectre v2 / SpectreRSB mitigation: Filling RSB on context switch
[    1.889120] Speculative Store Bypass: Vulnerable
[    1.891579] MDS: Vulnerable: Clear CPU buffers attempted, no microcode
[    1.897160] Freeing SMP alternatives memory: 36K
[    1.935256] ftrace: allocating 32299 entries in 127 pages
[    2.007080] smpboot: APIC(0) Converting physical 0 to logical package 0
[    2.126053] smpboot: Max logical packages: 1
[    2.131089] x2apic enabled
[    2.132735] Switched APIC routing to physical x2apic.
[    2.205885] ..TIMER: vector=0x30 apic1=0 pin1=2 apic2=-1 pin2=-1
[    2.312742] smpboot: CPU0: Intel(R) Core(TM)2 Duo CPU     E8400  @ 3.00GHz (family: 0x6, model: 0x17, stepping: 0xa)
[    2.507283] Performance Events: unsupported p6 CPU model 23 no PMU driver, software events only.
[    2.654462] KVM setup paravirtual spinlock
[    2.720117] x86: Booting SMP configuration:
[    2.721556] .... node  #0, CPUs:      #1
[    2.722941] kvm-clock: cpu 1, msr 0:3ffe3041, secondary cpu clock
[    2.736251] mce: CPU supports 0 MCE banks
[    2.739454] x86: Booted up 1 node, 2 CPUs
[    2.741356] smpboot: Total of 2 processors activated (11969.99 BogoMIPS)
[    2.743951] devtmpfs: initialized
[    2.748000] evm: security.selinux
[    2.749250] evm: security.SMACK64
[    2.750511] evm: security.SMACK64EXEC
[    2.751849] evm: security.SMACK64TRANSMUTE
[    2.755372] evm: security.SMACK64MMAP
[    2.756719] evm: security.ima
[    2.757900] evm: security.capability
[    2.759392] clocksource: jiffies: mask: 0xffffffff max_cycles: 0xffffffff, max_idle_ns: 7645041785100000 ns
[    2.762546] futex hash table entries: 512 (order: 3, 32768 bytes)
[    2.769896] pinctrl core: initialized pinctrl subsystem
[    2.771745] RTC time: 15:52:47, date: 08/22/19
[    2.773679] NET: Registered protocol family 16
[    2.796823] cpuidle: using governor ladder
[    2.812875] cpuidle: using governor menu
[    2.814323] PCCT header not found.
[    2.815677] ACPI: bus type PCI registered
[    2.817124] acpiphp: ACPI Hot Plug PCI Controller Driver version: 0.5
[    2.819173] PCI: Using configuration type 1 for base access
[    2.837633] ACPI: Added _OSI(Module Device)
[    2.839075] ACPI: Added _OSI(Processor Device)
[    2.840556] ACPI: Added _OSI(3.0 _SCP Extensions)
[    2.842130] ACPI: Added _OSI(Processor Aggregator Device)
[    2.844658] ACPI: Executed 1 blocks of module-level executable AML code
[    2.849266] ACPI: Interpreter enabled
[    2.850603] ACPI: (supports S0 S5)
[    2.851863] ACPI: Using IOAPIC for interrupt routing
[    2.853663] PCI: Using host bridge windows from ACPI; if necessary, use "pci=nocrs" and report a bug
[    2.861250] ACPI: PCI Root Bridge [PCI0] (domain 0000 [bus 00-ff])
[    2.863109] acpi PNP0A03:00: _OSC: OS supports [ASPM ClockPM Segments MSI]
[    2.865134] acpi PNP0A03:00: _OSC: not requesting OS control; OS requires [ExtendedConfig ASPM ClockPM MSI]
[    2.868249] acpi PNP0A03:00: fail to add MMCONFIG information, can't access extended PCI configuration space under this bridge.
[    3.048425] PCI host bridge to bus 0000:00
[    3.049844] pci_bus 0000:00: root bus resource [io  0x0000-0x0cf7 window]
[    3.051834] pci_bus 0000:00: root bus resource [io  0x0d00-0xffff window]
[    3.053817] pci_bus 0000:00: root bus resource [mem 0x000a0000-0x000bffff window]
[    3.062935] pci_bus 0000:00: root bus resource [mem 0x40000000-0xfdffffff window]
[    3.081279] pci_bus 0000:00: root bus resource [bus 00-ff]
[    3.085114] pci 0000:00:01.1: legacy IDE quirk: reg 0x10: [io  0x01f0-0x01f7]
[    3.218708] pci 0000:00:01.1: legacy IDE quirk: reg 0x14: [io  0x03f6]
[    3.220636] pci 0000:00:01.1: legacy IDE quirk: reg 0x18: [io  0x0170-0x0177]
[    3.266928] pci 0000:00:01.1: legacy IDE quirk: reg 0x1c: [io  0x0376]
[    3.398609] pci 0000:00:07.0: quirk: [io  0x4000-0x403f] claimed by PIIX4 ACPI
[    3.403587] pci 0000:00:07.0: quirk: [io  0x4100-0x410f] claimed by PIIX4 SMB
[    3.412966] ACPI: PCI Interrupt Link [LNKA] (IRQs 5 9 10 *11)
[    3.419198] ACPI: PCI Interrupt Link [LNKB] (IRQs 5 9 *10 11)
[    3.421639] ACPI: PCI Interrupt Link [LNKC] (IRQs 5 *9 10 11)
[    3.429276] ACPI: PCI Interrupt Link [LNKD] (IRQs 5 9 10 *11)
[    3.431787] ACPI: Enabled 2 GPEs in block 00 to 07
[    3.462022] vgaarb: setting as boot device: PCI:0000:00:02.0
[    3.463794] vgaarb: device added: PCI:0000:00:02.0,decodes=io+mem,owns=io+mem,locks=none
[    3.466536] vgaarb: loaded
[    3.467654] vgaarb: bridge control possible 0000:00:02.0
[    3.470031] SCSI subsystem initialized
[    3.471836] ACPI: bus type USB registered
[    3.473318] usbcore: registered new interface driver usbfs
[    3.475063] usbcore: registered new interface driver hub
[    3.476762] usbcore: registered new device driver usb
[    3.479951] PCI: Using ACPI for IRQ routing
[    3.482099] NetLabel: Initializing
[    3.483379] NetLabel:  domain hash size = 128
[    3.490168] NetLabel:  protocols = UNLABELED CIPSOv4
[    3.491818] NetLabel:  unlabeled traffic allowed by default
[    3.493953] amd_nb: Cannot enumerate AMD northbridges
[    3.495707] clocksource: Switched to clocksource kvm-clock
[  3.511801] AppArmor: AppArmor Filesystem Enabled
[    3.574259] pnp: PnP ACPI init
[    3.576650] pnp: PnP ACPI: found 3 devices

[    3.590176] clocksource: acpi_pm: mask: 0xffffff max_cycles: 0xffffff, max_idle_ns: 2085701024 ns
[    3.593337] NET: Registered protocol family 2
[    3.595409] TCP established hash table entries: 8192 (order: 4, 65536 bytes)
[    3.597619] TCP bind hash table entries: 8192 (order: 5, 131072 bytes)
[    3.599705] TCP: Hash tables configured (established 8192 bind 8192)
[    3.601772] UDP hash table entries: 512 (order: 2, 16384 bytes)
[    3.603713] UDP-Lite hash table entries: 512 (order: 2, 16384 bytes)
[    3.605812] NET: Registered protocol family 1
[    3.607414] pci 0000:00:00.0: Limiting direct PCI/PCI transfers
[    3.609322] pci 0000:00:01.0: Activating ISA DMA hang workarounds
[    3.611559] Unpacking initramfs...
[  3.868562] Freeing initrd memory: 14828K
[    3.929137] clocksource: tsc: mask: 0xffffffffffffffff max_cycles: 0x2b2296bc2b9, max_idle_ns: 440795321505 ns
[    3.932347] platform rtc_cmos: registered platform RTC device (no PNP device found)
[    3.935085] Scanning for low memory corruption every 60 seconds

[    3.937990] audit: initializing netlink subsys (disabled)
[    3.944957] audit: type=2000 audit(1566489175.166:1): initialized
[    3.947267] Initialise system trusted keyring
[    3.949079] HugeTLB registered 2 MB page size, pre-allocated 0 pages
[    3.953034] zbud: loaded
[    3.954562] VFS: Disk quotas dquot_6.6.0
[    3.956079] VFS: Dquot-cache hash table entries: 512 (order 0, 4096 bytes)
[    3.959568] squashfs: version 4.0 (2009/01/31) Phillip Lougher
[    3.962072] fuse init (API version 7.23)
[    3.963741] Key type big_key registered
[    3.965220] Allocating IMA MOK and blacklist keyrings.
[    3.979925] Key type asymmetric registered
[    3.988552] Asymmetric key parser 'x509' registered
[    3.990255] Block layer SCSI generic (bsg) driver version 0.4 loaded (major 249)
[    3.993098] io scheduler noop registered
[    3.994549] io scheduler deadline registered (default)
[    3.996340] io scheduler cfq registered
[    4.037294] pci_hotplug: PCI Hot Plug PCI Core version: 0.5
[    4.053100] pciehp: PCI Express Hot Plug Controller Driver version: 0.4
[    4.055335] ACPI: AC Adapter [AC] (on-line)
[    4.088651] input: Power Button as /devices/LNXSYSTM:00/LNXPWRBN:00/input/input0
[    4.099641] ACPI: Power Button [PWRF]
[    4.122420] input: Sleep Button as /devices/LNXSYSTM:00/LNXSLPBN:00/input/input1
[    4.125164] ACPI: Sleep Button [SLPF]
[    4.126859] GHES: HEST is not enabled!
[    4.128507] Serial: 8250/16550 driver, 32 ports, IRQ sharing enabled
[    4.153511] 00:02: ttyS0 at I/O 0x3f8 (irq = 4, base_baud = 115200) is a 16550A
[    4.160198] Linux agpgart interface v0.103
[    4.164739] loop: module loaded
[    4.167173] scsi host0: ata_piix
[    4.174014] scsi host1: ata_piix
[    4.175477] ata1: PATA max UDMA/33 cmd 0x1f0 ctl 0x3f6 bmdma 0xd000 irq 14
[    4.177650] ata2: PATA max UDMA/33 cmd 0x170 ctl 0x376 bmdma 0xd008 irq 15
[    4.179938] libphy: Fixed MDIO Bus: probed
[    4.181512] tun: Universal TUN/TAP device driver, 1.6
[    4.183310] tun: (C) 1999-2004 Max Krasnyansky <maxk@qualcomm.com>
[    4.185410] PPP generic driver version 2.4.2
[    4.187100] ehci_hcd: USB 2.0 'Enhanced' Host Controller (EHCI) Driver
[    4.189179] ehci-pci: EHCI PCI platform driver
[    4.190865] ehci-platform: EHCI generic platform driver
[    4.192634] ohci_hcd: USB 1.1 'Open' Host Controller (OHCI) Driver
[    4.194590] ohci-pci: OHCI PCI platform driver
[    4.196187] ohci-platform: OHCI generic platform driver
[    4.252898] uhci_hcd: USB Universal Host Controller Interface driver
[    4.294312] i8042: PNP: PS/2 Controller [PNP0303:PS2K,PNP0f03:PS2M] at 0x60,0x64 irq 1,12
[    4.297945] serio: i8042 KBD port at 0x60,0x64 irq 1
[    4.299625] serio: i8042 AUX port at 0x60,0x64 irq 12
[    4.357431] mousedev: PS/2 mouse device common for all mice
[    4.359998] input: AT Translated Set 2 keyboard as /devices/platform/i8042/serio0/input/input2
[    4.362937] rtc_cmos rtc_cmos: rtc core: registered rtc_cmos as rtc0
[    4.389730] rtc_cmos rtc_cmos: alarms up to one day, 114 bytes nvram
[    4.392518] i2c /dev entries driver
[    4.394433] device-mapper: uevent: version 1.0.3
[    4.396770] device-mapper: ioctl: 4.34.0-ioctl (2015-10-28) initialised: dm-devel@redhat.com
[    4.400764] ledtrig-cpu: registered to indicate activity on CPUs
[    4.414796] NET: Registered protocol family 10
[    4.417723] NET: Registered protocol family 17
[    4.420096] Key type dns_resolver registered
[    4.422977] registered taskstats version 1
[    4.425743] Loading compiled-in X.509 certificates
[    4.429447] Loaded X.509 cert 'Build time autogenerated kernel key: 65139e04a67245b562a838c28b5e7032abdd4348'
[    4.434871] zswap: loaded using pool lzo/zbud
[    4.456578] Key type trusted registered
[    4.486087] Key type encrypted registered
[    4.488149] AppArmor: AppArmor sha1 policy hashing enabled
[    4.489963] ima: No TPM chip found, activating TPM-bypass!
[    4.517707] ima: Allocated hash algorithm: sha1
[    4.519399] evm: HMAC attrs: 0x1
[    4.528206]   Magic number: 15:595:892
[    4.529758] rtc_cmos rtc_cmos: setting system clock to 2019-08-22 15:52:49 UTC (1566489169)
[    4.532966] BIOS EDD facility v0.16 2004-Jun-25, 0 devices found
[    4.534899] EDD information not available.
[    4.541992] Freeing unused kernel memory: 1484K
[    4.551768] Write protecting the kernel read-only data: 14336k
[    4.567510] Freeing unused kernel memory: 1616K
[    4.569446] Freeing unused kernel memory: 68K
Loading, please wait...
starting version 229
[    4.712514] random: systemd-udevd: uninitialized urandom read (16 bytes read, 2 bits of entropy available)
[    4.719234] random: systemd-udevd: uninitialized urandom read (16 bytes read, 2 bits of entropy available)
[    4.722414] random: udevadm: uninitialized urandom read (16 bytes read, 2 bits of entropy available)
[    4.722544] random: udevadm: uninitialized urandom read (16 bytes read, 2 bits of entropy available)
[    4.734482] random: systemd-udevd: uninitialized urandom read (16 bytes read, 2 bits of entropy available)
[    4.740709] random: systemd-udevd: uninitialized urandom read (16 bytes read, 2 bits of entropy available)
[    4.773174] random: systemd-udevd: uninitialized urandom read (16 bytes read, 2 bits of entropy available)
[    4.778682] random: systemd-udevd: uninitialized urandom read (16 bytes read, 2 bits of entropy available)
[    4.783779] random: systemd-udevd: uninitialized urandom read (16 bytes read, 2 bits of entropy available)
[    4.793728] random: systemd-udevd: uninitialized urandom read (16 bytes read, 2 bits of entropy available)
[    5.151483] Fusion MPT base driver 3.04.20
[    5.161352] Copyright (c) 1999-2008 LSI Corporation
[    5.167251] e1000: Intel(R) PRO/1000 Network Driver - version 7.3.21-k8-NAPI
[    5.170569] e1000: Copyright (c) 1999-2006 Intel Corporation.
[    5.259574] Fusion MPT SPI Host driver 3.04.20
[    5.387385] input: ImExPS/2 Generic Explorer Mouse as /devices/platform/i8042/serio1/input/input4
[    5.702663] e1000 0000:00:03.0 eth0: (PCI:33MHz:32-bit) 02:1e:e5:6d:71:21
[    5.709872] e1000 0000:00:03.0 eth0: Intel(R) PRO/1000 Network Connection
[    5.714339] mptbase: ioc0: Initiating bringup
[    5.717696] e1000 0000:00:03.0 enp0s3: renamed from eth0
[    5.780222] ioc0: LSI53C1030 A0: Capabilities={Initiator}
[    5.941503] scsi host2: ioc0: LSI53C1030 A0, FwRev=00000000h, Ports=1, MaxQ=256, IRQ=20
[    6.060834] scsi 2:0:0:0: Direct-Access     VBOX     HARDDISK         1.0  PQ: 0 ANSI: 5
[    6.178721] scsi target2:0:0: Beginning Domain Validation
[    6.182122] scsi target2:0:0: Domain Validation skipping write tests
[    6.184047] scsi target2:0:0: Ending Domain Validation
[    6.185819] scsi target2:0:0: asynchronous
[    6.224254] scsi 2:0:1:0: Direct-Access     VBOX     HARDDISK         1.0  PQ: 0 ANSI: 5
[    6.238515] scsi target2:0:1: Beginning Domain Validation
[    6.258064] scsi target2:0:1: Domain Validation skipping write tests
[    6.279858] scsi target2:0:1: Ending Domain Validation
[    6.281625] scsi target2:0:1: asynchronous
[    6.292242] sd 2:0:0:0: [sda] 20971520 512-byte logical blocks: (10.7 GB/10.0 GiB)
[    6.297836] sd 2:0:0:0: Attached scsi generic sg0 type 0
[    6.318617] sd 2:0:0:0: [sda] Write Protect is off
[    6.320716] sd 2:0:0:0: [sda] Incomplete mode parameter data
[    6.322743] sd 2:0:0:0: [sda] Assuming drive cache: write through
[    6.323701] sd 2:0:1:0: [sdb] 20480 512-byte logical blocks: (10.5 MB/10.0 MiB)
[    6.323898] sd 2:0:1:0: [sdb] Write Protect is off
[    6.324092] sd 2:0:1:0: [sdb] Incomplete mode parameter data
[    6.324093] sd 2:0:1:0: [sdb] Assuming drive cache: write through
[    6.379920] sd 2:0:1:0: Attached scsi generic sg1 type 0
[    6.566040]  sda: sda1
[    6.578074] sd 2:0:0:0: [sda] Attached SCSI disk
[    6.579523] sd 2:0:1:0: [sdb] Attached SCSI disk
Begin: Loading essential drivers ... [    9.113672] md: linear personality registered for level -1
[    9.144537] md: multipath personality registered for level -4
[    9.190102] md: raid0 personality registered for level 0
[    9.219301] md: raid1 personality registered for level 1
[    9.316594] raid6: sse2x1   gen()  5209 MB/s
[    9.454714] raid6: sse2x1   xor()  4670 MB/s
[    9.534763] raid6: sse2x2   gen()  6052 MB/s
[    9.606700] raid6: sse2x2   xor()  5757 MB/s
[    9.674471] raid6: sse2x4   gen()  8299 MB/s
[    9.816622] raid6: sse2x4   xor()  6927 MB/s
[    9.838084] raid6: using algorithm sse2x4 gen() 8299 MB/s
[    9.897768] raid6: .... xor() 6927 MB/s, rmw enabled
[    9.938516] raid6: using ssse3x2 recovery algorithm
[   10.002647] xor: measuring software checksum speed
[   10.088136]    prefetch64-sse: 53067.000 MB/sec
[   10.166585]    generic_sse: 33896.000 MB/sec
[   10.168096] xor: using function: prefetch64-sse (53067.000 MB/sec)
[   10.182781] async_tx: api initialized (async)
[   10.225289] md: raid6 personality registered for level 6
[   10.228670] md: raid5 personality registered for level 5
[   10.232273] md: raid4 personality registered for level 4
[   10.297077] md: raid10 personality registered for level 10
done.
Begin: Running /scripts/init-premount ... done.
Begin: Mounting root file system ... Begin: Running /scripts/local-top ... done.
Begin: Running /scripts/local-premount ... [   10.484752] Btrfs loaded
Scanning for Btrfs filesystems
done.
Warning: fsck not present, so skipping root file system
[   11.442809] EXT4-fs (sda1): mounted filesystem with ordered data mode. Opts: (null)
done.
Begin: Running /scripts/local-bottom ... done.
Begin: Running /scripts/init-bottom ... [   12.218083] random: nonblocking pool is initialized
done.
[   18.027085] systemd[1]: systemd 229 running in system mode. (+PAM +AUDIT +SELINUX +IMA +APPARMOR +SMACK +SYSVINIT +UTMP +LIBCRYPTSETUP +GCRYPT +GNUTLS +ACL +XZ -LZ4 +SECCOMP +BLKID +ELFUTILS +KMOD -IDN)
[   18.037900] systemd[1]: Detected virtualization oracle.
[   18.042326] systemd[1]: Detected architecture x86-64.

Welcome to [1mUbuntu 16.04.6 LTS[0m!

[   18.436075] systemd[1]: Set hostname to <ubuntu>.
[   18.463334] systemd[1]: Initializing machine ID from random generator.
[   18.465395] systemd[1]: Installed transient /etc/machine-id file.
[   20.571281] systemd[1]: Created slice User and Session Slice.
[[0;32m  OK  [0m] Created slice User and Session Slice.
[   20.614811] systemd[1]: Reached target User and Group Name Lookups.
[[0;32m  OK  [0m] Reached target User and Group Name Lookups.
[   20.649726] systemd[1]: Reached target Encrypted Volumes.
[[0;32m  OK  [0m] Reached target Encrypted Volumes.
[   20.673970] systemd[1]: Set up automount Arbitrary Executable File Formats File System Automount Point.
[[0;32m  OK  [0m] Set up automount Arbitrary Executab...ats File System Automount Point.
[   20.706684] systemd[1]: Created slice System Slice.
[[0;32m  OK  [0m] Created slice System Slice.
[   20.711264] systemd[1]: Created slice system-serial\x2dgetty.slice.
[[0;32m  OK  [0m] Created slice system-serial\x2dgetty.slice.
[   20.715448] systemd[1]: Listening on Syslog Socket.
[[0;32m  OK  [0m] Listening on Syslog Socket.
[   20.719124] systemd[1]: Listening on Journal Audit Socket.
[[0;32m  OK  [0m] Listening on Journal Audit Socket.
[  0.722937] systemd[1]: Listening on udev Kernel Socket.
[[0;32m  OK  [0m] Listening on udev Kernel Socket.
[   21.092597] systemd[1]: Reached target System Time Synchronized.
[[0;32m  OK  [0m] Reached target System Time Synchronized.
[   21.097266] systemd[1]: Reached target Slices.
[[0;32m  OK  [0m] Reached target Slices.
[   21.105781] systemd[1]: Listening on LVM2 metadata daemon socket.
[[0;32m  OK  [0m] Listening on LVM2 metadata daemon socket.
[   21.109764] systemd[1]: Listening on Journal Socket.
[[0;32m  OK  [0m] Listening on Journal Socket.
[   21.137133] systemd[1]: Starting Nameserver information manager...
         Starting Nameserver information manager...
[   21.213010] systemd[1]: Starting Load Kernel Modules...
         Starting Load Kernel Modules...
[   21.238918] systemd[1]: Starting Set console keymap...
         Starting Set console keymap...
[   21.258848] systemd[1]: Starting Uncomplicated firewall...
         Starting Uncomplicated firewall...
[   21.408955] systemd[1]: Starting Create list of required static device nodes for the current kernel...
         Starting Create list of required st... nodes for the current kernel...
[   21.435328] systemd[1]: Mounting POSIX Message Queue File System...
         Mounting POSIX Message Queue File System...
[   21.454401] systemd[1]: Mounting Debug File System...
         Mounting Debug File System...
[   21.461822] systemd[1]: Started Forward Password Requests to Wall Directory Watch.
[[0;32m  OK  [0m] Started Forward Password Requests to Wall Directory Watch.
[   21.481201] systemd[1]: Listening on /dev/initctl Compatibility Named Pipe.
[[0;32m  OK  [0m] Listening on /dev/initctl Compatibility Named Pipe.
[   21.489884] systemd[1]: Listening on Journal Socket (/dev/log).
[[0;32m  OK  [0m] Listening on Journal Socket (/dev/log).
[   21.509375] systemd[1]: Starting Journal Service...
         Starting Journal Service...
[   21.529816] systemd[1]: Starting Remount Root and Kernel File Systems...
         Starting Remount Root and Kernel File Systems...
[   21.552255] systemd[1]: Listening on udev Control Socket.
[[0;32m  OK  [0m] Listening on udev Control Socket.
[   21.575640] systemd[1]: Started Trigger resolvconf update for networkd DNS.
[[0;32m  OK  [0m] Started Trigger resolvconf update for networkd DNS.
[   21.590587] systemd[1]: Reached target Swap.
[[0;32m  OK  [0m] Reached target Swap.
[   21.602789] systemd[1]: Listening on Device-mapper event daemon FIFOs.
[[0;32m  OK  [0m] Listening on Device-mapper event daemon FIFOs.
[   21.630841] EXT4-fs (sda1): re-mounted. Opts: (null)
[   21.655667] systemd[1]: Starting Monitoring of LVM2 mirrors, snapshots etc. using dmeventd or progress polling...
         Starting Monitoring of LVM2 mirrors... dmeventd or progress polling...
[   21.666503] systemd[1]: Listening on LVM2 poll daemon socket.
[[0;32m  OK  [0m] Listening on LVM2 poll daemon socket.
[   21.700877] systemd[1]: Mounting Huge Pages File System...
         Mounting Huge Pages File System...
[   21.739601] systemd[1]: Mounted POSIX Message Queue File System.
[   21.746872] Loading iSCSI transport class v2.0-870.
[[0;32m  OK  [0m] Mounted POSIX Message Queue File System.
[   21.784200] systemd[1]: Mounted Huge Pages File System.
[[0;32m  OK  [0m] Mounted Huge Pages File System.
[   21.790304] systemd[1]: Mounted Debug File System.
[[0;32m  OK  [0m] Mounted Debug File System.
[   21.829177] systemd[1]: Started Uncomplicated firewall.
[[0;32m  OK  [0m] Started Uncomplicated firewall.
[   21.862309] systemd[1]: Started Create list of required static device nodes for the current kernel.
[[0;32m  OK  [0m] Started Create list of required sta...ce nodes for the current kernel.
[   21.882050] systemd[1]: Started Remount Root and Kernel File Systems.
[[0;32m  OK  [0m] Started Remount Root and Kernel File Systems.
[   21.944859] systemd[1]: Started Nameserver information manager.
[   21.956609] iscsi: registered transport (tcp)
[[0;32m  OK  [0m] Started Nameserver information manager.
[   22.177746] systemd[1]: Started Set console keymap.
[[0;32m  OK  [0m] Started Set console keymap.
[   22.257363] systemd[1]: Starting udev Coldplug all Devices...
         Starting udev Coldplug all Devices...
[   22.317219] systemd[1]: Starting Load/Save Random Seed...
         Starting Load/Save Random Seed...
[   22.369154] systemd[1]: Starting Create Static Device Nodes in /dev...
         Starting Create Static Device Nodes in /dev...
[   22.437494] systemd[1]: Started Journal Service.
[[0;32m  OK  [0m] Started Journal Service.
[[0;32m  OK  [0m] Started Load/Save Random Seed.
[   22.566363] iscsi: registered transport (iser)
[[0;32m  OK  [0m] Started LVM2 metadata daemon.
         Starting Flush Journal to Persistent Storage...
[[0;32m  OK  [0m] Started Load Kernel Modules.
         Mounting FUSE Control File System...
         Starting Apply Kernel Variables...
[[0;32m  OK  [0m] Mounted FUSE Control File System.
[   22.876910] systemd-journald[380]: Received request to flush runtime journal from PID 1
[[0;32m  OK  [0m] Started Flush Journal to Persistent Storage.
[[0;32m  OK  [0m] Started udev Coldplug all Devices.
[[0;32m  OK  [0m] Started Create Static Device Nodes in /dev.
         Starting udev Kernel Device Manager...
[[0;32m  OK  [0m] Started Apply Kernel Variables.
[[0;32m  OK  [0m] Started Monitoring of LVM2 mirrors,...ng dmeventd or progress polling.
[[0;32m  OK  [0m] Reached target Local File Systems (Pre).
[[0;32m  OK  [0m] Reached target Local File Systems.
         Starting Tell Plymouth To Write Out Runtime Data...
         Starting Create Volatile Files and Directories...
         Starting Initial cloud-init job (pre-networking)...
         Starting Commit a transient machine-id on disk...
         Starting Set console font and keymap...
         Starting LSB: AppArmor initialization...
[[0;32m  OK  [0m] Started Commit a transient machine-id on disk.
[[0;32m  OK  [0m] Started Tell Plymouth To Write Out Runtime Data.
[[0;32m  OK  [0m] Started Create Volatile Files and Directories.
         Starting Update UTMP about System Boot/Shutdown...
[[0;32m  OK  [0m] Started Update UTMP about System Boot/Shutdown.
[[0;32m  OK  [0m] Started udev Kernel Device Manager.
[[0;32m  OK  [0m] Started Dispatch Password Requests to Console Directory Watch.
[[0;32m  OK  [0m] Found device /dev/ttyS0.
[[0;32m  OK  [0m] Listening on Load/Save RF Kill Switch Status /dev/rfkill Watch.
[[0;32m  OK  [0m] Started LSB: AppArmor initialization.
[[0;32m  OK  [0m] Started Set console font and keymap.
[[0;32m  OK  [0m] Created slice system-getty.slice.
[   31.954510] cloud-init[469]: Cloud-init v. 19.1-1-gbaa47854-0ubuntu1~16.04.1 running 'init-local' at Thu, 22 Aug 2019 15:53:17 +0000. Up 29.96 seconds.
[[0;32m  OK  [0m] Started Initial cloud-init job (pre-networking).
[[0;32m  OK  [0m] Reached target Network (Pre).
         Starting Raise network interfaces...
[[0;32m  OK  [0m] Started Raise network interfaces.
[[0;32m  OK  [0m] Reached target Network.
         Starting Initial cloud-init job (metadata service crawler)...
[   40.988417] cloud-init[952]: Cloud-init v. 19.1-1-gbaa47854-0ubuntu1~16.04.1 running 'init' at Thu, 22 Aug 2019 15:53:23 +0000. Up 35.62 seconds.
[   41.094568] cloud-init[952]: ci-info: ++++++++++++++++++++++++++++++++++++++Net device info++++++++++++++++++++++++++++++++++++++
[   41.109307] cloud-init[952]: ci-info: +--------+------+----------------------------+---------------+--------+-------------------+
[   41.138337] cloud-init[952]: ci-info: | Device |  Up  |          Address           |      Mask     | Scope  |     Hw-Address    |
[   41.145540] cloud-init[952]: ci-info: +--------+------+----------------------------+---------------+--------+-------------------+
[   41.158001] cloud-init[952]: ci-info: | enp0s3 | True |         10.0.2.15          | 255.255.255.0 | global | 02:1e:e5:6d:71:21 |
[   41.173483] cloud-init[952]: ci-info: | enp0s3 | True | fe80::1e:e5ff:fe6d:7121/64 |       .       |  link  | 02:1e:e5:6d:71:21 |
[   41.179071] cloud-init[952]: ci-info: |   lo   | True |         127.0.0.1          |   255.0.0.0   |  host  |         .         |
[   41.207084] cloud-init[952]: ci-info: |   lo   | True |          ::1/128           |       .       |  host  |         .         |
[   41.210461] cloud-init[952]: ci-info: +--------+------+----------------------------+---------------+--------+-------------------+
[   41.253792] cloud-init[952]: ci-info: +++++++++++++++++++++++++++Route IPv4 info++++++++++++++++++++++++++++
[   41.328871] cloud-init[952]: ci-info: +-------+-------------+----------+---------------+-----------+-------+
[[0;32m  OK  [0m] Started Initial cloud-init job (metadata service crawler).
[[0;32m  OK  [0m] Reached target Network is Online.
[   41.334531] cloud-init[952]: ci-info: | Route | Destination | Gateway  |    Genmask    | Interface | Flags |
[   41.413933] cloud-init[952]: ci-info: +-------+-------------+----------+---------------+-----------+-------+
         Starting iSCSI initiator daemon (iscsid)...
[[0;32m  OK  [0m] Reached target Cloud-config availability.
[[0;32m  OK  [0m] Reached target System Initialization.
[[0;32m  OK  [0m] Listening on ACPID Listen Socket.
[   41.417166] cloud-init[952]: ci-info: |   0   |   0.0.0.0   | 10.0.2.2 |    0.0.0.0    |   enp0s3  |   UG  |
         Starting Socket activation for snappy daemon.
[[0;32m  OK  [0m] Started Daily apt download activities.
[   41.511410] cloud-init[952]: ci-info: |   1   |   10.0.2.0  | 0.0.0.0  | 255.255.255.0 |   enp0s3  |   U   |
[[0;32m  OK  [0m] Started Daily Cleanup of Temporary Directories.
[[0;32m  OK  [0m] Started Daily apt upgrade and clean activities.
[   41.739052] cloud-init[952]: ci-info: +-------+-------------+----------+---------------+-----------+-------+
[   41.739288] cloud-init[952]: ci-info: +++++++++++++++++++Route IPv6 info+++++++++++++++++++
[   41.739526] cloud-init[952]: ci-info: +-------+-------------+---------+-----------+-------+
[   41.739820] cloud-init[952]: ci-info: | Route | Destination | Gateway | Interface | Flags |
[   41.740097] cloud-init[952]: ci-info: +-------+-------------+---------+-----------+-------+
[   41.740336] cloud-init[952]: ci-info: |   0   |  fe80::/64  |    ::   |   enp0s3  |   U   |
[   41.740566] cloud-init[952]: ci-info: |   4   |   ff00::/8  |    ::   |   enp0s3  |   U   |
[   41.740798] cloud-init[952]: ci-info: +-------+-------------+---------+-----------+-------+
[   41.741998] cloud-init[952]: Generating public/private rsa key pair.
[   41.742235] cloud-init[952]: Your identification has been saved in /etc/ssh/ssh_host_rsa_key.
[   41.742472] cloud-init[952]: Your public key has been saved in /etc/ssh/ssh_host_rsa_key.pub.
[   41.742715] cloud-init[952]: The key fingerprint is:
[   41.743091] cloud-init[952]: SHA256:npNmBOlM1SoMIzbeg29FU5WmFKu90iWbfaquDP1Q02Q root@ubuntu-xenial
[   41.743335] cloud-init[952]: The key's randomart image is:
[   41.743569] cloud-init[952]: +---[RSA 2048]----+
[   41.743798] cloud-init[952]: |       .++..     |
[   41.744041] cloud-init[952]: |  + o oo..+      |
[   41.744270] cloud-init[952]: | o = =+o.+E      |
[   41.744510] cloud-init[952]: |  o o+++o+       |
[   41.744743] cloud-init[952]: |   . o+.S o      |
[   41.744975] cloud-init[952]: |    o. = @       |
[   41.745217] cloud-init[952]: |   .. + % . .    |
[   41.745445] cloud-init[952]: |     o * . o     |
[   41.745678] cloud-init[952]: |      oo+..      |
[   41.745957] cloud-init[952]: +----[SHA256]-----+
[   41.746185] cloud-init[952]: Generating public/private dsa key pair.
[   41.746426] cloud-init[952]: Your identification has been saved in /etc/ssh/ssh_host_dsa_key.
[   41.746657] cloud-init[952]: Your public key has been saved in /etc/ssh/ssh_host_dsa_key.pub.
[   41.746995] cloud-init[952]: The key fingerprint is:
[   41.747461] cloud-init[952]: SHA256:kYdu1cCHTmb6QpZJnz8invldSmN0OARzg7F5ahIsoSg root@ubuntu-xenial
[   41.747849] cloud-init[952]: The key's randomart image is:
[   41.748330] cloud-init[952]: +---[DSA 1024]----+
[   41.748799] cloud-init[952]: |      .  .=+o    |
[   41.749091] cloud-init[952]: |   . . o.oBO..   |
[   41.749423] cloud-init[952]: |E . . ..*X=o+    |
[   41.911484] cloud-init[952]: | .     o*=++ .   |
[   41.911714] cloud-init[952]: |       oS.o.+ .  |
[   41.911944] cloud-init[952]: |       .ooo.oo   |
[   41.912169] cloud-init[952]: |       . = .+..  |
[[0;32m  OK  [0m] Reached target Timers.
[   41.912574] cloud-init[952]: |        +  + +   |
         Starting LXD - unix socket.
[   42.011719] cloud-init[952]: |         .. o    |
[   42.013009] cloud-init[952]: +----[SHA256]-----+
[   42.014543] cloud-init[952]: Generating public/private ecdsa key pair.
[   42.016925] cloud-init[952]: Your identification has been saved in /etc/ssh/ssh_host_ecdsa_key.
[   42.018680] cloud-init[952]: Your public key has been saved in /etc/ssh/ssh_host_ecdsa_key.pub.
[   42.020876] cloud-init[952]: The key fingerprint is:
[   42.035642] cloud-init[952]: SHA256:AFdi235W+0QeQnTdGzTWn0L8Vi6FSFDCdKjKZDHE6Ys root@ubuntu-xenial
[   42.037030] cloud-init[952]: The key's randomart image is:
[   42.037367] cloud-init[952]: +---[ECDSA 256]---+
[   42.037783] cloud-init[952]: |    .o=o.o+*B.o*o|
[   42.038065] cloud-init[952]: |     +=+  o+.+o.B|
[   42.038404] cloud-init[952]: |     .oo..  + +o*|
[   42.038725] cloud-init[952]: |      +o.  . *.*o|
[   42.039074] cloud-init[952]: |     = oS o . =. |
[   42.039389] cloud-init[952]: |    E +  o   o   |
[   42.040554] cloud-init[952]: |              .  |
[   42.044010] cloud-init[952]: |                 |
[   42.044401] cloud-init[952]: |                 |
[   42.047066] cloud-init[952]: +----[SHA256]-----+
[   42.048599] cloud-init[952]: Generating public/private ed25519 key pair.
[   42.050016] cloud-init[952]: Your identification has been saved in /etc/ssh/ssh_host_ed25519_key.
[   42.052599] cloud-init[952]: Your public key has been saved in /etc/ssh/ssh_host_ed25519_key.pub.
[   42.054228] cloud-init[952]: The key fingerprint is:
[   42.058742] cloud-init[952]: SHA256:jDABs9GxB3M+T+tTT9M0xckD7ixQkSnIEYqkwOyi9/E root@ubuntu-xenial
[   42.059274] cloud-init[952]: The key's randomart image is:
[   42.065880] cloud-init[952]: +--[ED25519 256]--+
[   42.066271] cloud-init[952]: |+ ++=.oo+  o+.o.o|
[   42.066623] cloud-init[952]: |.oo+oB.o ..o.  =.|
[   42.067475] cloud-init[952]: |....+.+ ...  .o .|
[   42.078892] cloud-init[952]: |..   + * .. oo . |
[   42.079276] cloud-init[952]: |o     . S ..oo.  |
[   42.079706] cloud-init[952]: |. . .  . . o..   |
[   42.079956] cloud-init[952]: | . . o  o   .    |
[   42.080470] cloud-init[952]: |    . E  .       |
[   42.085706] cloud-init[952]: |                 |
[   42.100954] cloud-init[952]: +----[SHA256]-----+
[[0;32m  OK  [0m] Listening on UUID daemon activation socket.
[[0;32m  OK  [0m] Started ACPI Events Check.
[[0;32m  OK  [0m] Reached target Paths.
[[0;32m  OK  [0m] Listening on D-Bus System Message Bus Socket.
[[0;32m  OK  [0m] Listening on Socket activation for snappy daemon.
[[0;32m  OK  [0m] Listening on LXD - unix socket.
[[0;32m  OK  [0m] Reached target Sockets.
[[0;32m  OK  [0m] Reached target Basic System.
[[0;32m  OK  [0m] Started D-Bus System Message Bus.
         Starting LSB: MD monitoring daemon...
         Starting Accounts Service...
         Starting Login Service...
[[0;32m  OK  [0m] Started Deferred execution scheduler.
         Starting System Logging Service...
[[0;32m  OK  [0m] Started FUSE filesystem for LXC.
         Starting /etc/rc.local Compatibility...
         Starting Snappy daemon...
[[0;32m  OK  [0m] Started Regular background program processing daemon.
         Starting LXD - container startup/shutdown...
         Starting Pollinate to seed the pseudo random number generator...
         Starting Virtualbox guest utils...
         Starting LSB: Record successful boot for GRUB...
[[0;32m  OK  [0m] Started ACPI event daemon.
[[0;32m  OK  [0m] Started iSCSI initiator daemon (iscsid).
[[0;32m  OK  [0m] Started /etc/rc.local Compatibility.
         Starting Login to default iSCSI targets...
[[0;32m  OK  [0m] Started Login Service.
[[0;32m  OK  [0m] Started System Logging Service.
[[0;32m  OK  [0m] Started Unattended Upgrades Shutdown.
[[0;32m  OK  [0m] Started LSB: MD monitoring daemon.
[[0;32m  OK  [0m] Started LSB: Record successful boot for GRUB.
[[0;32m  OK  [0m] Started Login to default iSCSI targets.
[[0;32m  OK  [0m] Reached target Remote File Systems (Pre).
[[0;32m  OK  [0m] Reached target Remote File Systems.
         Starting LSB: daemon to balance interrupts for SMP systems...
         Starting Permit User Sessions...
         Starting LSB: Set the CPU Frequency Scaling governor to "ondemand"...
         Starting LSB: automatic crash report generation...
[[0;32m  OK  [0m] Started Permit User Sessions.
         Starting Authenticate and Authorize Users to Run Privileged Tasks...
         Starting Terminate Plymouth Boot Screen...
         Starting Hold until boot process finishes up...
[[0;32m  OK  [0m] Started Terminate Plymouth Boot Screen.
[[0;32m  OK  [0m] Started Hold until boot process finishes up.
[[0;32m  OK  [0m] Started Serial Getty on ttyS0.
[[0;32m  OK  [0m] Started Getty on tty1.
[[0;32m  OK  [0m] Reached target Login Prompts.
         Starting Set console scheme...
[[0;32m  OK  [0m] Started LSB: Set the CPU Frequency Scaling governor to "ondemand".
[[0;32m  OK  [0m] Started Set console scheme.
[[0;32m  OK  [0m] Started LSB: daemon to balance interrupts for SMP systems.
[[0;32m  OK  [0m] Started Virtualbox guest utils.
[[0;32m  OK  [0m] Started LSB: automatic crash report generation.
[[0;32m  OK  [0m] Started Authenticate and Authorize Users to Run Privileged Tasks.
[[0;32m  OK  [0m] Started Accounts Service.
[[0;32m  OK  [0m] Started LXD - container startup/shutdown.
[[0;32m  OK  [0m] Started Snappy daemon.
         Starting Wait until snapd is fully seeded...
[[0;32m  OK  [0m] Started Pollinate to seed the pseudo random number generator.
         Starting OpenBSD Secure Shell server...

Ubuntu 16.04.6 LTS ubuntu-xenial ttyS0

ubuntu-xenial login: [   57.069643] cloud-init[1392]: Generating locales (this might take a while)...
[   60.984638] cloud-init[1392]:   en_US.UTF-8... done
[   60.988161] cloud-init[1392]: Generation complete.
[   63.830614] cloud-init[1392]: Cloud-init v. 19.1-1-gbaa47854-0ubuntu1~16.04.1 running 'modules:config' at Thu, 22 Aug 2019 15:53:44 +0000. Up 56.24 seconds.
ci-info: no authorized ssh keys fingerprints found for user ubuntu.
<14>Aug 22 15:53:53 ec2: 
<14>Aug 22 15:53:53 ec2: #############################################################
<14>Aug 22 15:53:53 ec2: -----BEGIN SSH HOST KEY FINGERPRINTS-----
<14>Aug 22 15:53:53 ec2: 1024 SHA256:kYdu1cCHTmb6QpZJnz8invldSmN0OARzg7F5ahIsoSg root@ubuntu-xenial (DSA)
<14>Aug 22 15:53:53 ec2: 256 SHA256:AFdi235W+0QeQnTdGzTWn0L8Vi6FSFDCdKjKZDHE6Ys root@ubuntu-xenial (ECDSA)
<14>Aug 22 15:53:53 ec2: 256 SHA256:jDABs9GxB3M+T+tTT9M0xckD7ixQkSnIEYqkwOyi9/E root@ubuntu-xenial (ED25519)
<14>Aug 22 15:53:53 ec2: 2048 SHA256:npNmBOlM1SoMIzbeg29FU5WmFKu90iWbfaquDP1Q02Q root@ubuntu-xenial (RSA)
<14>Aug 22 15:53:53 ec2: -----END SSH HOST KEY FINGERPRINTS-----
<14>Aug 22 15:53:53 ec2: #############################################################
-----BEGIN SSH HOST KEY KEYS-----
ecdsa-sha2-nistp256 AAAAE2VjZHNhLXNoYTItbmlzdHAyNTYAAAAIbmlzdHAyNTYAAABBBOG4yz5rWXZhPlnlkzKv3yNNfw/r9GmqaHH785EHH8ZgFMubVhrVLEswrsDcSo6xLztJcDogyAfTpqwlPHizPZE= root@ubuntu-xenial
ssh-ed25519 AAAAC3NzaC1lZDI1NTE5AAAAIJCrf7H/TWZguB9fBmIGuDI4IS6c8IIxjxlFiPkM6gHX root@ubuntu-xenial
ssh-rsa AAAAB3NzaC1yc2EAAAADAQABAAABAQDVm4DGfKNGsm6gwx0LdcvnZbJBGuXXS7CKUHQ3Th+bfMusHOliV7BQfx4HuD709rW/Q3iO3zeSFh6VbaxpLViP8HvO0Oy9JSgdt0JKs6ra+KiFY1lABL08sIYjuL47zmzlGp9g1RX2ihWUC71mvbJ2rprG09qVMvbOzgmcbC2eJjL4k1xwFVe1qkW4v8CvkLTdQAqFLmK5UAMU+I19Q2e9gBwHNCFm4z2mwxp7N8C1qpZHvBBzO9Q6RVgZ6Dg/a5tH/sfIySKpnyfTUNoB+pjk0gq8WwzkpTWA4nT7814CLAS6IkcDtkNMHt3uwgCged3eFLifHcyghZ9zyRs3mALz root@ubuntu-xenial
-----END SSH HOST KEY KEYS-----
[   65.749200] cloud-init[1574]: Cloud-init v. 19.1-1-gbaa47854-0ubuntu1~16.04.1 running 'modules:final' at Thu, 22 Aug 2019 15:53:52 +0000. Up 64.99 seconds.
[   65.750339] cloud-init[1574]: ci-info: no authorized ssh keys fingerprints found for user ubuntu.
[   65.751455] cloud-init[1574]: Cloud-init v. 19.1-1-gbaa47854-0ubuntu1~16.04.1 finished at Thu, 22 Aug 2019 15:53:53 +0000. Datasource DataSourceNoCloud [seed=/dev/sdb][dsmode=net].  Up 65.71 seconds
